Кросс-распределение «5 фрагментов» - «топики контекстов цитирований»
1  'public, government, expenditure, region, goods' 65/64/24/9/6 (168)
   1  'expenditure, see, рост, government, federal': 12/6/7/1/0 (26)
   2  'see, оценка, subnational, разрыв, authority': 10/8/1/0/0 (19)
   3  'цена, уровень, товар, единый, закон': 6/6/2/2/1 (17)
   4  'government, expenditure, рост, fiscal, капитал': 1/11/2/1/0 (15)
   5  'see, tax, federal, expenditure, government': 8/4/2/1/0 (15)
   6  'бюджетный, оценка, страна, работа, expenditure': 6/5/2/0/1 (14)
   7  'уровень, цена, see, выпуск, authority': 6/3/4/0/0 (13)
   8  'economic, growth, rate, tax, see': 5/4/1/0/0 (10)
   9  'использовать, потенциальный, ввп, компонент, оценка': 3/0/3/0/2 (8)
   10 'рост, показатель, капитал, экономический, уровень': 2/1/3/0/2 (8)
   11 'фильтр, оценка, ввп, рост, потенциальный': 1/2/2/2/1 (8)
   12 'see, работа, доход, результат, subnational': 2/4/1/0/0 (7)
   13 'ввп, разрыв, структурный, see, объем': 5/2/0/0/0 (7)
   14 'капитал, рост, страна, год, товар': 2/2/1/0/2 (7)
   15 'потенциальный, ввп, метод, ряд, цена': 5/1/1/0/0 (7)
   16 'работа, налоговый, налогообложение, данный, теория': 2/3/1/0/0 (6)
   17 'уровень, цена, экономический, товар, экономика': 4/0/2/0/0 (6)
   18 'цикл, see, модель, являться, работа': 2/1/0/3/0 (6)
   19 'бюджетный, государственный, бюджет, расход, рост': 2/0/2/0/0 (4)
2  'капитал, рост, страна, год, товар' 67/25/30/19/11 (152)
   1  'уровень, цена, экономический, товар, экономика': 13/5/3/5/3 (29)
   2  'фильтр, оценка, ввп, рост, потенциальный': 6/6/2/2/2 (18)
   3  'government, expenditure, рост, fiscal, капитал': 9/2/2/1/0 (14)
   4  'рост, показатель, капитал, экономический, уровень': 6/2/2/0/4 (14)
   5  'цена, уровень, товар, единый, закон': 4/3/2/5/0 (14)
   6  'использовать, потенциальный, ввп, компонент, оценка': 3/4/3/2/1 (13)
   7  'работа, налоговый, налогообложение, данный, теория': 7/1/2/2/0 (12)
   8  'expenditure, see, рост, government, federal': 3/2/1/1/4 (11)
   9  'бюджетный, государственный, бюджет, расход, рост': 2/0/4/5/0 (11)
   10 'economic, growth, rate, tax, see': 5/4/0/0/0 (9)
   11 'уровень, цена, see, выпуск, authority': 5/1/3/0/0 (9)
   12 'цикл, see, модель, являться, работа': 1/5/1/2/0 (9)
   13 'бюджетный, оценка, страна, работа, expenditure': 5/1/1/0/1 (8)
   14 'public, government, expenditure, region, goods': 2/2/1/0/2 (7)
   15 'see, работа, доход, результат, subnational': 4/0/1/0/1 (6)
   16 'ввп, разрыв, структурный, see, объем': 4/0/1/0/1 (6)
   17 'потенциальный, ввп, метод, ряд, цена': 1/0/3/2/0 (6)
   18 'see, оценка, subnational, разрыв, authority': 1/0/0/1/0 (2)
3  'фильтр, оценка, ввп, рост, потенциальный' 34/48/26/24/5 (137)
   1  'капитал, рост, страна, год, товар': 6/6/2/2/2 (18)
   2  'expenditure, see, рост, government, federal': 2/6/1/6/1 (16)
   3  'рост, показатель, капитал, экономический, уровень': 4/3/3/2/3 (15)
   4  'цикл, see, модель, являться, работа': 6/6/2/0/0 (14)
   5  'использовать, потенциальный, ввп, компонент, оценка': 2/0/7/4/0 (13)
   6  'уровень, цена, экономический, товар, экономика': 5/1/5/1/0 (12)
   7  'see, оценка, subnational, разрыв, authority': 1/2/5/2/0 (10)
   8  'бюджетный, оценка, страна, работа, expenditure': 2/5/1/1/1 (10)
   9  'government, expenditure, рост, fiscal, капитал': 4/1/0/4/0 (9)
   10 'цена, уровень, товар, единый, закон': 5/1/1/2/0 (9)
   11 'public, government, expenditure, region, goods': 1/2/2/2/1 (8)
   12 'ввп, разрыв, структурный, see, объем': 0/0/4/2/0 (6)
   13 'economic, growth, rate, tax, see': 1/1/1/1/1 (5)
   14 'see, работа, доход, результат, subnational': 1/4/0/0/0 (5)
   15 'работа, налоговый, налогообложение, данный, теория': 2/3/0/0/0 (5)
   16 'see, tax, federal, expenditure, government': 0/3/1/0/0 (4)
   17 'уровень, цена, see, выпуск, authority': 4/0/0/0/0 (4)
   18 'бюджетный, государственный, бюджет, расход, рост': 1/0/1/0/0 (2)
   19 'потенциальный, ввп, метод, ряд, цена': 0/2/0/0/0 (2)
4  'уровень, цена, экономический, товар, экономика' 78/16/12/6/13 (125)
   1  'капитал, рост, страна, год, товар': 13/5/3/5/3 (29)
   2  'цена, уровень, товар, единый, закон': 7/5/1/0/0 (13)
   3  'expenditure, see, рост, government, federal': 3/1/3/2/3 (12)
   4  'использовать, потенциальный, ввп, компонент, оценка': 2/3/6/0/1 (12)
   5  'фильтр, оценка, ввп, рост, потенциальный': 5/1/5/1/0 (12)
   6  'see, работа, доход, результат, subnational': 7/0/3/0/1 (11)
   7  'government, expenditure, рост, fiscal, капитал': 8/1/0/1/0 (10)
   8  'рост, показатель, капитал, экономический, уровень': 4/2/2/0/1 (9)
   9  'работа, налоговый, налогообложение, данный, теория': 7/0/1/0/0 (8)
   10 'уровень, цена, see, выпуск, authority': 6/0/2/0/0 (8)
   11 'бюджетный, государственный, бюджет, расход, рост': 3/2/1/1/0 (7)
   12 'public, government, expenditure, region, goods': 4/0/2/0/0 (6)
   13 'ввп, разрыв, структурный, see, объем': 0/2/0/0/3 (5)
   14 'economic, growth, rate, tax, see': 3/1/0/0/0 (4)
   15 'see, оценка, subnational, разрыв, authority': 4/0/0/0/0 (4)
   16 'цикл, see, модель, являться, работа': 3/1/0/0/0 (4)
   17 'бюджетный, оценка, страна, работа, expenditure': 2/0/0/0/0 (2)
   18 'потенциальный, ввп, метод, ряд, цена': 0/0/0/2/0 (2)
   19 'see, tax, federal, expenditure, government': 1/0/0/0/0 (1)
5  'expenditure, see, рост, government, federal' 28/36/33/11/7 (115)
   1  'public, government, expenditure, region, goods': 12/6/7/1/0 (26)
   2  'фильтр, оценка, ввп, рост, потенциальный': 2/6/1/6/1 (16)
   3  'уровень, цена, экономический, товар, экономика': 3/1/3/2/3 (12)
   4  'капитал, рост, страна, год, товар': 3/2/1/1/4 (11)
   5  'see, tax, federal, expenditure, government': 3/3/2/2/0 (10)
   6  'economic, growth, rate, tax, see': 2/4/3/0/0 (9)
   7  'government, expenditure, рост, fiscal, капитал': 1/3/4/1/0 (9)
   8  'see, оценка, subnational, разрыв, authority': 3/6/0/0/0 (9)
   9  'бюджетный, оценка, страна, работа, expenditure': 1/3/4/0/0 (8)
   10 'рост, показатель, капитал, экономический, уровень': 0/3/2/0/3 (8)
   11 'уровень, цена, see, выпуск, authority': 4/0/3/0/0 (7)
   12 'цикл, see, модель, являться, работа': 1/4/1/0/0 (6)
   13 'бюджетный, государственный, бюджет, расход, рост': 3/0/2/0/0 (5)
   14 'использовать, потенциальный, ввп, компонент, оценка': 1/1/1/0/1 (4)
   15 'цена, уровень, товар, единый, закон': 2/0/2/0/0 (4)
   16 'see, работа, доход, результат, subnational': 0/2/0/0/1 (3)
   17 'потенциальный, ввп, метод, ряд, цена': 0/0/1/0/0 (1)
6  'government, expenditure, рост, fiscal, капитал' 47/27/14/12/0 (100)
   1  'public, government, expenditure, region, goods': 1/11/2/1/0 (15)
   2  'капитал, рост, страна, год, товар': 9/2/2/1/0 (14)
   3  'уровень, цена, экономический, товар, экономика': 8/1/0/1/0 (10)
   4  'expenditure, see, рост, government, federal': 1/3/4/1/0 (9)
   5  'фильтр, оценка, ввп, рост, потенциальный': 4/1/0/4/0 (9)
   6  'цикл, see, модель, являться, работа': 5/0/1/1/0 (7)
   7  'see, оценка, subnational, разрыв, authority': 6/0/0/0/0 (6)
   8  'economic, growth, rate, tax, see': 0/3/2/0/0 (5)
   9  'рост, показатель, капитал, экономический, уровень': 2/1/0/2/0 (5)
   10 'see, tax, federal, expenditure, government': 1/1/1/1/0 (4)
   11 'бюджетный, государственный, бюджет, расход, рост': 1/1/1/1/0 (4)
   12 'использовать, потенциальный, ввп, компонент, оценка': 0/1/0/3/0 (4)
   13 'ввп, разрыв, структурный, see, объем': 1/0/0/2/0 (3)
   14 'работа, налоговый, налогообложение, данный, теория': 1/1/1/0/0 (3)
   15 'бюджетный, оценка, страна, работа, expenditure': 2/0/0/0/0 (2)
   16 'цена, уровень, товар, единый, закон': 0/0/1/1/0 (2)
   17 'потенциальный, ввп, метод, ряд, цена': 1/0/0/0/0 (1)
   18 'уровень, цена, see, выпуск, authority': 0/0/1/0/0 (1)
7  'see, оценка, subnational, разрыв, authority' 31/35/18/5/0 (89)
   1  'public, government, expenditure, region, goods': 10/8/1/0/0 (19)
   2  'фильтр, оценка, ввп, рост, потенциальный': 1/2/5/2/0 (10)
   3  'expenditure, see, рост, government, federal': 3/6/0/0/0 (9)
   4  'government, expenditure, рост, fiscal, капитал': 6/0/0/0/0 (6)
   5  'see, tax, federal, expenditure, government': 1/3/1/0/0 (5)
   6  'see, работа, доход, результат, subnational': 1/4/0/0/0 (5)
   7  'потенциальный, ввп, метод, ряд, цена': 1/4/0/0/0 (5)
   8  'цикл, see, модель, являться, работа': 2/3/0/0/0 (5)
   9  'уровень, цена, экономический, товар, экономика': 4/0/0/0/0 (4)
   10 'бюджетный, оценка, страна, работа, expenditure': 0/1/1/1/0 (3)
   11 'цена, уровень, товар, единый, закон': 1/1/1/0/0 (3)
   12 'ввп, разрыв, структурный, see, объем': 0/0/2/0/0 (2)
   13 'использовать, потенциальный, ввп, компонент, оценка': 1/0/1/0/0 (2)
   14 'капитал, рост, страна, год, товар': 1/0/0/1/0 (2)
   15 'работа, налоговый, налогообложение, данный, теория': 0/0/2/0/0 (2)
   16 'рост, показатель, капитал, экономический, уровень': 1/1/0/0/0 (2)
   17 'уровень, цена, see, выпуск, authority': 1/0/1/0/0 (2)
   18 'economic, growth, rate, tax, see': 0/1/0/0/0 (1)
8  'использовать, потенциальный, ввп, компонент, оценка' 18/19/33/12/6 (88)
   1  'капитал, рост, страна, год, товар': 3/4/3/2/1 (13)
   2  'фильтр, оценка, ввп, рост, потенциальный': 2/0/7/4/0 (13)
   3  'уровень, цена, экономический, товар, экономика': 2/3/6/0/1 (12)
   4  'public, government, expenditure, region, goods': 3/0/3/0/2 (8)
   5  'бюджетный, оценка, страна, работа, expenditure': 2/0/3/1/0 (6)
   6  'цена, уровень, товар, единый, закон': 0/3/1/2/0 (6)
   7  'economic, growth, rate, tax, see': 2/1/1/1/0 (5)
   8  'бюджетный, государственный, бюджет, расход, рост': 0/2/3/0/0 (5)
   9  'рост, показатель, капитал, экономический, уровень': 2/1/1/1/0 (5)
   10 'expenditure, see, рост, government, federal': 1/1/1/0/1 (4)
   11 'government, expenditure, рост, fiscal, капитал': 0/1/0/3/0 (4)
   12 'see, работа, доход, результат, subnational': 0/0/2/0/2 (4)
   13 'ввп, разрыв, структурный, see, объем': 2/0/0/1/0 (3)
   14 'работа, налоговый, налогообложение, данный, теория': 1/1/1/0/0 (3)
   15 'see, tax, federal, expenditure, government': 2/0/0/0/0 (2)
   16 'see, оценка, subnational, разрыв, authority': 1/0/1/0/0 (2)
   17 'цикл, see, модель, являться, работа': 0/1/0/0/0 (1)
9  'цена, уровень, товар, единый, закон' 33/29/10/9/3 (84)
   1  'public, government, expenditure, region, goods': 6/6/2/2/1 (17)
   2  'капитал, рост, страна, год, товар': 4/3/2/5/0 (14)
   3  'уровень, цена, экономический, товар, экономика': 7/5/1/0/0 (13)
   4  'фильтр, оценка, ввп, рост, потенциальный': 5/1/1/2/0 (9)
   5  'потенциальный, ввп, метод, ряд, цена': 5/3/0/0/0 (8)
   6  'использовать, потенциальный, ввп, компонент, оценка': 0/3/1/2/0 (6)
   7  'рост, показатель, капитал, экономический, уровень': 3/0/1/1/0 (5)
   8  'уровень, цена, see, выпуск, authority': 2/1/2/0/0 (5)
   9  'expenditure, see, рост, government, federal': 2/0/2/0/0 (4)
   10 'see, tax, federal, expenditure, government': 1/3/0/0/0 (4)
   11 'economic, growth, rate, tax, see': 1/1/1/0/0 (3)
   12 'see, оценка, subnational, разрыв, authority': 1/1/1/0/0 (3)
   13 'бюджетный, оценка, страна, работа, expenditure': 1/2/0/0/0 (3)
   14 'ввп, разрыв, структурный, see, объем': 1/2/0/0/0 (3)
   15 'цикл, see, модель, являться, работа': 1/1/0/1/0 (3)
   16 'government, expenditure, рост, fiscal, капитал': 0/0/1/1/0 (2)
   17 'see, работа, доход, результат, subnational': 1/0/0/0/0 (1)
   18 'бюджетный, государственный, бюджет, расход, рост': 0/1/0/0/0 (1)
10 'рост, показатель, капитал, экономический, уровень' 39/10/11/6/17 (83)
   1  'фильтр, оценка, ввп, рост, потенциальный': 4/3/3/2/3 (15)
   2  'капитал, рост, страна, год, товар': 6/2/2/0/4 (14)
   3  'уровень, цена, экономический, товар, экономика': 4/2/2/0/1 (9)
   4  'expenditure, see, рост, government, federal': 0/3/2/0/3 (8)
   5  'public, government, expenditure, region, goods': 2/1/3/0/2 (8)
   6  'бюджетный, оценка, страна, работа, expenditure': 4/0/0/0/3 (7)
   7  'see, работа, доход, результат, subnational': 3/0/0/2/1 (6)
   8  'government, expenditure, рост, fiscal, капитал': 2/1/0/2/0 (5)
   9  'использовать, потенциальный, ввп, компонент, оценка': 2/1/1/1/0 (5)
   10 'цена, уровень, товар, единый, закон': 3/0/1/1/0 (5)
   11 'цикл, see, модель, являться, работа': 0/4/0/0/1 (5)
   12 'потенциальный, ввп, метод, ряд, цена': 4/0/0/0/0 (4)
   13 'уровень, цена, see, выпуск, authority': 4/0/0/0/0 (4)
   14 'ввп, разрыв, структурный, see, объем': 1/0/0/2/0 (3)
   15 'see, tax, federal, expenditure, government': 0/0/2/0/0 (2)
   16 'see, оценка, subnational, разрыв, authority': 1/1/0/0/0 (2)
   17 'бюджетный, государственный, бюджет, расход, рост': 0/1/1/0/0 (2)
   18 'работа, налоговый, налогообложение, данный, теория': 1/1/0/0/0 (2)
   19 'economic, growth, rate, tax, see': 1/0/0/0/0 (1)
11 'economic, growth, rate, tax, see' 28/29/16/7/1 (81)
   1  'see, tax, federal, expenditure, government': 3/2/5/1/0 (11)
   2  'public, government, expenditure, region, goods': 5/4/1/0/0 (10)
   3  'expenditure, see, рост, government, federal': 2/4/3/0/0 (9)
   4  'капитал, рост, страна, год, товар': 5/4/0/0/0 (9)
   5  'ввп, разрыв, структурный, see, объем': 5/2/0/1/0 (8)
   6  'government, expenditure, рост, fiscal, капитал': 0/3/2/0/0 (5)
   7  'see, работа, доход, результат, subnational': 3/1/1/0/0 (5)
   8  'использовать, потенциальный, ввп, компонент, оценка': 2/1/1/1/0 (5)
   9  'потенциальный, ввп, метод, ряд, цена': 0/1/0/4/0 (5)
   10 'фильтр, оценка, ввп, рост, потенциальный': 1/1/1/1/1 (5)
   11 'бюджетный, оценка, страна, работа, expenditure': 2/1/0/1/0 (4)
   12 'уровень, цена, экономический, товар, экономика': 3/1/0/0/0 (4)
   13 'цикл, see, модель, являться, работа': 0/4/0/0/0 (4)
   14 'бюджетный, государственный, бюджет, расход, рост': 2/0/1/0/0 (3)
   15 'работа, налоговый, налогообложение, данный, теория': 2/1/0/0/0 (3)
   16 'цена, уровень, товар, единый, закон': 1/1/1/0/0 (3)
   17 'see, оценка, subnational, разрыв, authority': 0/1/0/0/0 (1)
   18 'рост, показатель, капитал, экономический, уровень': 1/0/0/0/0 (1)
   19 'уровень, цена, see, выпуск, authority': 1/0/0/0/0 (1)
12 'see, работа, доход, результат, subnational' 32/37/7/2/3 (81)
   1  'уровень, цена, экономический, товар, экономика': 7/0/3/0/1 (11)
   2  'public, government, expenditure, region, goods': 2/4/1/0/0 (7)
   3  'капитал, рост, страна, год, товар': 4/0/1/0/1 (6)
   4  'рост, показатель, капитал, экономический, уровень': 3/0/0/2/1 (6)
   5  'economic, growth, rate, tax, see': 3/1/1/0/0 (5)
   6  'see, оценка, subnational, разрыв, authority': 1/4/0/0/0 (5)
   7  'фильтр, оценка, ввп, рост, потенциальный': 1/4/0/0/0 (5)
   8  'see, tax, federal, expenditure, government': 0/3/1/0/0 (4)
   9  'использовать, потенциальный, ввп, компонент, оценка': 0/0/2/0/2 (4)
   10 'expenditure, see, рост, government, federal': 0/2/0/0/1 (3)
   11 'бюджетный, оценка, страна, работа, expenditure': 0/1/0/0/1 (2)
   12 'ввп, разрыв, структурный, see, объем': 2/0/0/0/0 (2)
   13 'цикл, see, модель, являться, работа': 2/0/0/0/0 (2)
   14 'бюджетный, государственный, бюджет, расход, рост': 0/0/1/0/0 (1)
   15 'работа, налоговый, налогообложение, данный, теория': 1/0/0/0/0 (1)
   16 'цена, уровень, товар, единый, закон': 1/0/0/0/0 (1)
13 'бюджетный, оценка, страна, работа, expenditure' 28/28/14/4/6 (80)
   1  'public, government, expenditure, region, goods': 6/5/2/0/1 (14)
   2  'фильтр, оценка, ввп, рост, потенциальный': 2/5/1/1/1 (10)
   3  'expenditure, see, рост, government, federal': 1/3/4/0/0 (8)
   4  'капитал, рост, страна, год, товар': 5/1/1/0/1 (8)
   5  'рост, показатель, капитал, экономический, уровень': 4/0/0/0/3 (7)
   6  'использовать, потенциальный, ввп, компонент, оценка': 2/0/3/1/0 (6)
   7  'работа, налоговый, налогообложение, данный, теория': 2/2/1/0/0 (5)
   8  'economic, growth, rate, tax, see': 2/1/0/1/0 (4)
   9  'потенциальный, ввп, метод, ряд, цена': 0/2/2/0/0 (4)
   10 'see, оценка, subnational, разрыв, authority': 0/1/1/1/0 (3)
   11 'бюджетный, государственный, бюджет, расход, рост': 1/1/1/0/0 (3)
   12 'цена, уровень, товар, единый, закон': 1/2/0/0/0 (3)
   13 'government, expenditure, рост, fiscal, капитал': 2/0/0/0/0 (2)
   14 'see, tax, federal, expenditure, government': 1/0/0/0/1 (2)
   15 'see, работа, доход, результат, subnational': 0/1/0/0/1 (2)
   16 'уровень, цена, see, выпуск, authority': 2/0/0/0/0 (2)
   17 'уровень, цена, экономический, товар, экономика': 2/0/0/0/0 (2)
   18 'цикл, see, модель, являться, работа': 1/1/0/0/0 (2)
   19 'ввп, разрыв, структурный, see, объем': 1/0/0/0/0 (1)
14 'цикл, see, модель, являться, работа' 26/32/5/8/3 (74)
   1  'фильтр, оценка, ввп, рост, потенциальный': 6/6/2/0/0 (14)
   2  'капитал, рост, страна, год, товар': 1/5/1/2/0 (9)
   3  'government, expenditure, рост, fiscal, капитал': 5/0/1/1/0 (7)
   4  'expenditure, see, рост, government, federal': 1/4/1/0/0 (6)
   5  'public, government, expenditure, region, goods': 2/1/0/3/0 (6)
   6  'see, оценка, subnational, разрыв, authority': 2/3/0/0/0 (5)
   7  'рост, показатель, капитал, экономический, уровень': 0/4/0/0/1 (5)
   8  'economic, growth, rate, tax, see': 0/4/0/0/0 (4)
   9  'уровень, цена, экономический, товар, экономика': 3/1/0/0/0 (4)
   10 'ввп, разрыв, структурный, see, объем': 0/0/3/0/0 (3)
   11 'цена, уровень, товар, единый, закон': 1/1/0/1/0 (3)
   12 'see, работа, доход, результат, subnational': 2/0/0/0/0 (2)
   13 'бюджетный, оценка, страна, работа, expenditure': 1/1/0/0/0 (2)
   14 'уровень, цена, see, выпуск, authority': 0/2/0/0/0 (2)
   15 'see, tax, federal, expenditure, government': 1/0/0/0/0 (1)
   16 'бюджетный, государственный, бюджет, расход, рост': 0/0/0/1/0 (1)
   17 'использовать, потенциальный, ввп, компонент, оценка': 0/1/0/0/0 (1)
   18 'потенциальный, ввп, метод, ряд, цена': 0/1/0/0/0 (1)
   19 'работа, налоговый, налогообложение, данный, теория': 1/0/0/0/0 (1)
15 'потенциальный, ввп, метод, ряд, цена' 31/22/11/6/0 (70)
   1  'цена, уровень, товар, единый, закон': 5/3/0/0/0 (8)
   2  'public, government, expenditure, region, goods': 5/1/1/0/0 (7)
   3  'капитал, рост, страна, год, товар': 1/0/3/2/0 (6)
   4  'economic, growth, rate, tax, see': 0/1/0/4/0 (5)
   5  'see, оценка, subnational, разрыв, authority': 1/4/0/0/0 (5)
   6  'бюджетный, оценка, страна, работа, expenditure': 0/2/2/0/0 (4)
   7  'ввп, разрыв, структурный, see, объем': 2/2/0/0/0 (4)
   8  'работа, налоговый, налогообложение, данный, теория': 1/1/2/0/0 (4)
   9  'рост, показатель, капитал, экономический, уровень': 4/0/0/0/0 (4)
   10 'see, tax, federal, expenditure, government': 1/0/1/0/0 (2)
   11 'уровень, цена, see, выпуск, authority': 1/1/0/0/0 (2)
   12 'уровень, цена, экономический, товар, экономика': 0/0/0/2/0 (2)
   13 'фильтр, оценка, ввп, рост, потенциальный': 0/2/0/0/0 (2)
   14 'expenditure, see, рост, government, federal': 0/0/1/0/0 (1)
   15 'government, expenditure, рост, fiscal, капитал': 1/0/0/0/0 (1)
   16 'бюджетный, государственный, бюджет, расход, рост': 0/0/1/0/0 (1)
   17 'цикл, see, модель, являться, работа': 0/1/0/0/0 (1)
16 'уровень, цена, see, выпуск, authority' 40/12/13/1/4 (70)
   1  'public, government, expenditure, region, goods': 6/3/4/0/0 (13)
   2  'капитал, рост, страна, год, товар': 5/1/3/0/0 (9)
   3  'уровень, цена, экономический, товар, экономика': 6/0/2/0/0 (8)
   4  'expenditure, see, рост, government, federal': 4/0/3/0/0 (7)
   5  'цена, уровень, товар, единый, закон': 2/1/2/0/0 (5)
   6  'бюджетный, государственный, бюджет, расход, рост': 0/1/2/1/0 (4)
   7  'рост, показатель, капитал, экономический, уровень': 4/0/0/0/0 (4)
   8  'фильтр, оценка, ввп, рост, потенциальный': 4/0/0/0/0 (4)
   9  'работа, налоговый, налогообложение, данный, теория': 2/0/0/1/0 (3)
   10 'see, оценка, subnational, разрыв, authority': 1/0/1/0/0 (2)
   11 'бюджетный, оценка, страна, работа, expenditure': 2/0/0/0/0 (2)
   12 'потенциальный, ввп, метод, ряд, цена': 1/1/0/0/0 (2)
   13 'цикл, see, модель, являться, работа': 0/2/0/0/0 (2)
   14 'economic, growth, rate, tax, see': 1/0/0/0/0 (1)
   15 'government, expenditure, рост, fiscal, капитал': 0/0/1/0/0 (1)
17 'работа, налоговый, налогообложение, данный, теория' 30/15/13/6/1 (65)
   1  'капитал, рост, страна, год, товар': 7/1/2/2/0 (12)
   2  'уровень, цена, экономический, товар, экономика': 7/0/1/0/0 (8)
   3  'public, government, expenditure, region, goods': 2/3/1/0/0 (6)
   4  'бюджетный, государственный, бюджет, расход, рост': 1/0/2/3/0 (6)
   5  'бюджетный, оценка, страна, работа, expenditure': 2/2/1/0/0 (5)
   6  'фильтр, оценка, ввп, рост, потенциальный': 2/3/0/0/0 (5)
   7  'потенциальный, ввп, метод, ряд, цена': 1/1/2/0/0 (4)
   8  'economic, growth, rate, tax, see': 2/1/0/0/0 (3)
   9  'government, expenditure, рост, fiscal, капитал': 1/1/1/0/0 (3)
   10 'использовать, потенциальный, ввп, компонент, оценка': 1/1/1/0/0 (3)
   11 'уровень, цена, see, выпуск, authority': 2/0/0/1/0 (3)
   12 'see, оценка, subnational, разрыв, authority': 0/0/2/0/0 (2)
   13 'рост, показатель, капитал, экономический, уровень': 1/1/0/0/0 (2)
   14 'see, tax, federal, expenditure, government': 0/1/0/0/0 (1)
   15 'see, работа, доход, результат, subnational': 1/0/0/0/0 (1)
   16 'цикл, see, модель, являться, работа': 1/0/0/0/0 (1)
18 'see, tax, federal, expenditure, government' 15/21/13/10/2 (61)
   1  'public, government, expenditure, region, goods': 8/4/2/1/0 (15)
   2  'economic, growth, rate, tax, see': 3/2/5/1/0 (11)
   3  'expenditure, see, рост, government, federal': 3/3/2/2/0 (10)
   4  'see, оценка, subnational, разрыв, authority': 1/3/1/0/0 (5)
   5  'government, expenditure, рост, fiscal, капитал': 1/1/1/1/0 (4)
   6  'see, работа, доход, результат, subnational': 0/3/1/0/0 (4)
   7  'фильтр, оценка, ввп, рост, потенциальный': 0/3/1/0/0 (4)
   8  'цена, уровень, товар, единый, закон': 1/3/0/0/0 (4)
   9  'бюджетный, оценка, страна, работа, expenditure': 1/0/0/0/1 (2)
   10 'ввп, разрыв, структурный, see, объем': 0/2/0/0/0 (2)
   11 'использовать, потенциальный, ввп, компонент, оценка': 2/0/0/0/0 (2)
   12 'потенциальный, ввп, метод, ряд, цена': 1/0/1/0/0 (2)
   13 'рост, показатель, капитал, экономический, уровень': 0/0/2/0/0 (2)
   14 'бюджетный, государственный, бюджет, расход, рост': 0/0/0/0/1 (1)
   15 'работа, налоговый, налогообложение, данный, теория': 0/1/0/0/0 (1)
   16 'уровень, цена, экономический, товар, экономика': 1/0/0/0/0 (1)
   17 'цикл, see, модель, являться, работа': 1/0/0/0/0 (1)
19 'ввп, разрыв, структурный, see, объем' 23/9/11/5/8 (56)
   1  'economic, growth, rate, tax, see': 5/2/0/1/0 (8)
   2  'public, government, expenditure, region, goods': 5/2/0/0/0 (7)
   3  'капитал, рост, страна, год, товар': 4/0/1/0/1 (6)
   4  'фильтр, оценка, ввп, рост, потенциальный': 0/0/4/2/0 (6)
   5  'уровень, цена, экономический, товар, экономика': 0/2/0/0/3 (5)
   6  'потенциальный, ввп, метод, ряд, цена': 2/2/0/0/0 (4)
   7  'government, expenditure, рост, fiscal, капитал': 1/0/0/2/0 (3)
   8  'использовать, потенциальный, ввп, компонент, оценка': 2/0/0/1/0 (3)
   9  'рост, показатель, капитал, экономический, уровень': 1/0/0/2/0 (3)
   10 'цена, уровень, товар, единый, закон': 1/2/0/0/0 (3)
   11 'цикл, see, модель, являться, работа': 0/0/3/0/0 (3)
   12 'see, tax, federal, expenditure, government': 0/2/0/0/0 (2)
   13 'see, оценка, subnational, разрыв, authority': 0/0/2/0/0 (2)
   14 'see, работа, доход, результат, subnational': 2/0/0/0/0 (2)
   15 'бюджетный, оценка, страна, работа, expenditure': 1/0/0/0/0 (1)
20 'бюджетный, государственный, бюджет, расход, рост' 15/9/13/15/1 (53)
   1  'капитал, рост, страна, год, товар': 2/0/4/5/0 (11)
   2  'уровень, цена, экономический, товар, экономика': 3/2/1/1/0 (7)
   3  'работа, налоговый, налогообложение, данный, теория': 1/0/2/3/0 (6)
   4  'expenditure, see, рост, government, federal': 3/0/2/0/0 (5)
   5  'использовать, потенциальный, ввп, компонент, оценка': 0/2/3/0/0 (5)
   6  'government, expenditure, рост, fiscal, капитал': 1/1/1/1/0 (4)
   7  'public, government, expenditure, region, goods': 2/0/2/0/0 (4)
   8  'уровень, цена, see, выпуск, authority': 0/1/2/1/0 (4)
   9  'economic, growth, rate, tax, see': 2/0/1/0/0 (3)
   10 'бюджетный, оценка, страна, работа, expenditure': 1/1/1/0/0 (3)
   11 'рост, показатель, капитал, экономический, уровень': 0/1/1/0/0 (2)
   12 'фильтр, оценка, ввп, рост, потенциальный': 1/0/1/0/0 (2)
   13 'see, tax, federal, expenditure, government': 0/0/0/0/1 (1)
   14 'see, работа, доход, результат, subnational': 0/0/1/0/0 (1)
   15 'потенциальный, ввп, метод, ряд, цена': 0/0/1/0/0 (1)
   16 'цена, уровень, товар, единый, закон': 0/1/0/0/0 (1)
   17 'цикл, see, модель, являться, работа': 0/0/0/1/0 (1)

Кросс-распределение «топики» - «со-цитирования»
1   'public, government, expenditure, region, goods' 0/21/2/0/0 (23)
   1   'Oates': 0/3/0/0/0 (3)
   2   'Fjeldstad': 0/2/0/0/0 (2)
   3   'Musgrave': 0/2/0/0/0 (2)
   4   'Aizenman': 0/1/0/0/0 (1)
   5   'Boadway': 0/1/0/0/0 (1)
   6   'Chamon': 0/1/0/0/0 (1)
   7   'Dafflon': 0/0/1/0/0 (1)
   8   'Ghosh': 0/1/0/0/0 (1)
   9   'Habermeier': 0/1/0/0/0 (1)
   10  'Jinjarak': 0/1/0/0/0 (1)
   11  'Kubler': 0/0/1/0/0 (1)
   12  'Ma': 0/1/0/0/0 (1)
   13  'McCarten': 0/1/0/0/0 (1)
   14  'Ostry': 0/1/0/0/0 (1)
   15  'Qureshi': 0/1/0/0/0 (1)
   16  'Reinhardt': 0/1/0/0/0 (1)
   17  'Sandmo': 0/1/0/0/0 (1)
   18  'Tiebout': 0/1/0/0/0 (1)
   19  'Yitzhaki': 0/1/0/0/0 (1)
2   'капитал, рост, страна, год, товар' 51/39/47/6/0 (143)
   1   'IMF': 4/0/0/0/0 (4)
   2   'Calvo': 1/1/1/0/0 (3)
   3   'Guonan': 0/0/3/0/0 (3)
   4   'Jadhav': 0/0/3/0/0 (3)
   5   'McCauley': 0/0/3/0/0 (3)
   6   'Aizenman': 0/2/0/0/0 (2)
   7   'Clements': 2/0/0/0/0 (2)
   8   'Coady': 2/0/0/0/0 (2)
   9   'Crespo': 0/1/1/0/0 (2)
   10  'Dornbusch': 1/1/0/0/0 (2)
   11  'Eichengreen': 1/1/0/0/0 (2)
   12  'Fontoura': 0/1/1/0/0 (2)
   13  'Garcia': 0/0/2/0/0 (2)
   14  'Gupta': 2/0/0/0/0 (2)
   15  'Hutchison': 0/0/2/0/0 (2)
   16  'Jinjarak': 0/2/0/0/0 (2)
   17  'Kendall': 0/0/2/0/0 (2)
   18  'Maisonneuve': 2/0/0/0/0 (2)
   19  'Martins': 2/0/0/0/0 (2)
   20  'McCarten': 0/2/0/0/0 (2)
   21  'Mundell': 1/1/0/0/0 (2)
   22  'OECD': 2/0/0/0/0 (2)
   23  'Pasricha': 0/0/2/0/0 (2)
   24  'Reinhart': 0/0/2/0/0 (2)
   25  'Sandmo': 0/2/0/0/0 (2)
   26  'Singh': 0/0/2/0/0 (2)
   27  'Velasco': 1/1/0/0/0 (2)
   28  'Yitzhaki': 0/2/0/0/0 (2)
   29  'Идрисов': 0/0/0/2/0 (2)
   30  'Некипелов': 1/0/1/0/0 (2)
   31  'Abdelal': 0/1/0/0/0 (1)
   32  'Acemoglu': 1/0/0/0/0 (1)
   33  'Ahrend': 0/1/0/0/0 (1)
   34  'Alesina': 0/1/0/0/0 (1)
   35  'Alfaro': 1/0/0/0/0 (1)
   36  'Arteta': 1/0/0/0/0 (1)
   37  'Barro': 0/0/1/0/0 (1)
   38  'Bartolini': 0/1/0/0/0 (1)
   39  'Baum': 1/0/0/0/0 (1)
   40  'Bordo': 0/1/0/0/0 (1)
   41  'Cardoso': 0/0/1/0/0 (1)
   42  'Cecchetti': 1/0/0/0/0 (1)
   43  'Chamon': 0/0/1/0/0 (1)
   44  'Chanda': 1/0/0/0/0 (1)
   45  'Chang': 0/1/0/0/0 (1)
   46  'Checherita-Westphal': 1/0/0/0/0 (1)
   47  'Chinn': 1/0/0/0/0 (1)
   48  'Drazen': 0/1/0/0/0 (1)
   49  'Edison': 0/0/1/0/0 (1)
   50  'Edwards': 1/0/0/0/0 (1)
   51  'Fleming': 0/1/0/0/0 (1)
   52  'Flood': 0/0/1/0/0 (1)
   53  'Futagami': 0/0/1/0/0 (1)
   54  'Garber': 0/0/1/0/0 (1)
   55  'Gertler': 1/0/0/0/0 (1)
   56  'Goldfajn': 0/0/1/0/0 (1)
   57  'Goujard': 0/1/0/0/0 (1)
   58  'Grilli': 0/1/0/0/0 (1)
   59  'Hausmann': 0/1/0/0/0 (1)
   60  'Ito': 1/0/0/0/0 (1)
   61  'Izquierdo': 0/0/1/0/0 (1)
   62  'Johnson': 1/0/0/0/0 (1)
   63  'Kalemli-Ozcan': 1/0/0/0/0 (1)
   64  'Knetter': 0/0/0/1/0 (1)
   65  'Kraay': 1/0/0/0/0 (1)
   66  'Krugman': 0/0/1/0/0 (1)
   67  'Lichtenberg': 0/0/1/0/0 (1)
   68  'Markusen': 1/0/0/0/0 (1)
   69  'Mauro': 1/0/0/0/0 (1)
   70  'Mejia': 0/0/1/0/0 (1)
   71  'Mello': 0/1/0/0/0 (1)
   72  'Mendoza': 0/1/0/0/0 (1)
   73  'Milesi-Ferrett': 0/1/0/0/0 (1)
   74  'Milesi-Ferretti': 0/1/0/0/0 (1)
   75  'Mohanty': 1/0/0/0/0 (1)
   76  'Morita': 0/0/1/0/0 (1)
   77  'Obstfeld': 1/0/0/0/0 (1)
   78  'Panizza': 0/1/0/0/0 (1)
   79  'Potterie': 0/0/1/0/0 (1)
   80  'Radelet': 0/1/0/0/0 (1)
   81  'Razin': 0/1/0/0/0 (1)
   82  'Robinson': 1/0/0/0/0 (1)
   83  'Rodrik': 1/0/0/0/0 (1)
   84  'Rogoff': 1/0/0/0/0 (1)
   85  'Rother': 1/0/0/0/0 (1)
   86  'Sachs': 0/1/0/0/0 (1)
   87  'Sadka': 0/1/0/0/0 (1)
   88  'Schwellnus': 0/1/0/0/0 (1)
   89  'Shibata': 0/0/1/0/0 (1)
   90  'Sussman': 0/1/0/0/0 (1)
   91  'Taylor': 1/0/0/0/0 (1)
   92  'Tornell': 1/0/0/0/0 (1)
   93  'Valpassos': 0/0/1/0/0 (1)
   94  'Volosovych': 1/0/0/0/0 (1)
   95  'Wyplosz': 1/0/0/0/0 (1)
   96  'Zampolli': 1/0/0/0/0 (1)
   97  'Астафьева': 0/0/1/0/0 (1)
   98  'Бессонов': 0/0/1/0/0 (1)
   99  'Воскобойников': 0/0/1/0/0 (1)
   100 'Головнин': 1/0/0/0/0 (1)
   101 'Ершов': 1/0/0/0/0 (1)
   102 'Каукин': 0/0/0/1/0 (1)
   103 'Луговой': 0/0/1/0/0 (1)
   104 'Пономарев': 0/0/0/1/0 (1)
   105 'Трунин': 0/0/0/1/0 (1)
   106 'Турунцева': 0/0/1/0/0 (1)
   107 'Энтов': 0/0/1/0/0 (1)
3   'фильтр, оценка, ввп, рост, потенциальный' 2/26/8/0/0 (36)
   1   'Auerbach': 0/1/1/0/0 (2)
   2   'Gale': 0/1/1/0/0 (2)
   3   'Orszag': 0/1/1/0/0 (2)
   4   'Alesina': 0/1/0/0/0 (1)
   5   'Bartolini': 0/1/0/0/0 (1)
   6   'Blanchard': 0/1/0/0/0 (1)
   7   'Bleaney': 0/1/0/0/0 (1)
   8   'Burns': 0/1/0/0/0 (1)
   9   'Crespo': 0/1/0/0/0 (1)
   10  'Drazen': 0/1/0/0/0 (1)
   11  'Evans': 0/1/0/0/0 (1)
   12  'Fontoura': 0/1/0/0/0 (1)
   13  'Gokhale': 0/1/0/0/0 (1)
   14  'Green': 0/1/0/0/0 (1)
   15  'Greenaway': 0/1/0/0/0 (1)
   16  'Grilli': 0/1/0/0/0 (1)
   17  'Helpman': 0/0/1/0/0 (1)
   18  'Hoeller': 0/0/1/0/0 (1)
   19  'IMF': 1/0/0/0/0 (1)
   20  'Kotlikoff': 0/1/0/0/0 (1)
   21  'Mello': 0/1/0/0/0 (1)
   22  'Mendoza': 0/1/0/0/0 (1)
   23  'Merola': 0/0/1/0/0 (1)
   24  'Milesi-Ferrett': 0/1/0/0/0 (1)
   25  'Milesi-Ferretti': 0/1/0/0/0 (1)
   26  'Monacelli': 0/1/0/0/0 (1)
   27  'OECD': 1/0/0/0/0 (1)
   28  'Perotti': 0/1/0/0/0 (1)
   29  'Phillips': 0/1/0/0/0 (1)
   30  'Raffelhuschen': 0/1/0/0/0 (1)
   31  'Smetters': 0/1/0/0/0 (1)
   32  'Solow': 0/0/1/0/0 (1)
   33  'Sutherland': 0/0/1/0/0 (1)
4   'уровень, цена, экономический, товар, экономика' 33/3/4/4/0 (44)
   1   'Baum': 2/0/0/0/0 (2)
   2   'Cecchetti': 2/0/0/0/0 (2)
   3   'Checherita-Westphal': 2/0/0/0/0 (2)
   4   'Kumar': 2/0/0/0/0 (2)
   5   'Mohanty': 2/0/0/0/0 (2)
   6   'Reinhart': 2/0/0/0/0 (2)
   7   'Rogoff': 2/0/0/0/0 (2)
   8   'Rother': 2/0/0/0/0 (2)
   9   'Woo': 2/0/0/0/0 (2)
   10  'Zampolli': 2/0/0/0/0 (2)
   11  'Acemoglu': 1/0/0/0/0 (1)
   12  'Ball': 1/0/0/0/0 (1)
   13  'Bernstein': 1/0/0/0/0 (1)
   14  'Bleaney': 1/0/0/0/0 (1)
   15  'Crespo': 0/0/1/0/0 (1)
   16  'Fontoura': 0/0/1/0/0 (1)
   17  'Friedman': 1/0/0/0/0 (1)
   18  'Greenaway': 1/0/0/0/0 (1)
   19  'Johnson': 1/0/0/0/0 (1)
   20  'Lichtenberg': 0/0/1/0/0 (1)
   21  'Mankiw': 1/0/0/0/0 (1)
   22  'Markusen': 1/0/0/0/0 (1)
   23  'Mauro': 1/0/0/0/0 (1)
   24  'Mundell': 1/0/0/0/0 (1)
   25  'Phelps': 1/0/0/0/0 (1)
   26  'Potterie': 0/0/1/0/0 (1)
   27  'Razin': 0/1/0/0/0 (1)
   28  'Robinson': 1/0/0/0/0 (1)
   29  'Sadka': 0/1/0/0/0 (1)
   30  'Sussman': 0/1/0/0/0 (1)
   31  'Идрисов': 0/0/0/1/0 (1)
   32  'Каукин': 0/0/0/1/0 (1)
   33  'Пономарев': 0/0/0/1/0 (1)
   34  'Трунин': 0/0/0/1/0 (1)
5   'expenditure, see, рост, government, federal' 0/8/16/4/0 (28)
   1   'Tanzi': 0/0/2/0/0 (2)
   2   'Zee': 0/0/2/0/0 (2)
   3   'Alesina': 0/0/1/0/0 (1)
   4   'Ardagna': 0/0/1/0/0 (1)
   5   'Aschauer': 0/0/1/0/0 (1)
   6   'Bank': 0/0/1/0/0 (1)
   7   'Barro': 0/0/1/0/0 (1)
   8   'Bird': 0/1/0/0/0 (1)
   9   'Chen': 0/1/0/0/0 (1)
   10  'Dafflon': 0/0/1/0/0 (1)
   11  'Drobyshevsky': 0/0/0/1/0 (1)
   12  'Feldstein': 0/0/1/0/0 (1)
   13  'IMF': 0/0/1/0/0 (1)
   14  'King': 0/1/0/0/0 (1)
   15  'Knobel': 0/0/0/1/0 (1)
   16  'Kubler': 0/0/1/0/0 (1)
   17  'Kydland': 0/1/0/0/0 (1)
   18  'Perotti': 0/0/1/0/0 (1)
   19  'Plosser': 0/1/0/0/0 (1)
   20  'Prescott': 0/1/0/0/0 (1)
   21  'Rebelo': 0/1/0/0/0 (1)
   22  'Schiantarelli': 0/0/1/0/0 (1)
   23  'Sinelnikov-Murylev': 0/0/0/1/0 (1)
   24  'Slack': 0/1/0/0/0 (1)
   25  'Sokolov': 0/0/0/1/0 (1)
   26  'World': 0/0/1/0/0 (1)
6   'government, expenditure, рост, fiscal, капитал' 7/4/0/11/0 (22)
   1   'Blankenau': 1/0/0/0/0 (1)
   2   'Calvo': 1/0/0/0/0 (1)
   3   'Commission': 1/0/0/0/0 (1)
   4   'Dornbusch': 1/0/0/0/0 (1)
   5   'European': 1/0/0/0/0 (1)
   6   'Fjeldstad': 0/1/0/0/0 (1)
   7   'Fleming': 0/1/0/0/0 (1)
   8   'Hicks': 0/0/0/1/0 (1)
   9   'IMF': 1/0/0/0/0 (1)
   10  'Keynes': 0/0/0/1/0 (1)
   11  'King': 0/0/0/1/0 (1)
   12  'Klein': 0/0/0/1/0 (1)
   13  'Kydland': 0/0/0/1/0 (1)
   14  'Lucas': 0/0/0/1/0 (1)
   15  'Mundell': 0/1/0/0/0 (1)
   16  'Oates': 0/1/0/0/0 (1)
   17  'Plosser': 0/0/0/1/0 (1)
   18  'Prescott': 0/0/0/1/0 (1)
   19  'Rebelo': 0/0/0/1/0 (1)
   20  'Samuelson': 0/0/0/1/0 (1)
   21  'Sargent': 0/0/0/1/0 (1)
   22  'Simpson': 1/0/0/0/0 (1)
7   'see, оценка, subnational, разрыв, authority' 0/23/12/2/0 (37)
   1   'Auerbach': 0/0/3/0/0 (3)
   2   'Gale': 0/0/3/0/0 (3)
   3   'Orszag': 0/0/3/0/0 (3)
   4   'Aiyar': 0/1/0/0/0 (1)
   5   'Ames': 0/1/0/0/0 (1)
   6   'Auty': 0/1/0/0/0 (1)
   7   'Blanchard': 0/1/0/0/0 (1)
   8   'Duval': 0/1/0/0/0 (1)
   9   'Griffith': 0/1/0/0/0 (1)
   10  'Gylfason': 0/1/0/0/0 (1)
   11  'Hoeller': 0/0/1/0/0 (1)
   12  'Horne': 0/1/0/0/0 (1)
   13  'IEA': 0/0/0/1/0 (1)
   14  'Ladd': 0/1/0/0/0 (1)
   15  'Mehlum': 0/1/0/0/0 (1)
   16  'Merola': 0/0/1/0/0 (1)
   17  'Moene': 0/1/0/0/0 (1)
   18  'Musgrave': 0/1/0/0/0 (1)
   19  'OPEC': 0/0/0/1/0 (1)
   20  'Oates': 0/1/0/0/0 (1)
   21  'Oliviera': 0/1/0/0/0 (1)
   22  'Puy': 0/1/0/0/0 (1)
   23  'Rodden': 0/1/0/0/0 (1)
   24  'Sachs': 0/1/0/0/0 (1)
   25  'Sutherland': 0/0/1/0/0 (1)
   26  'Torvik': 0/1/0/0/0 (1)
   27  'Treisman': 0/1/0/0/0 (1)
   28  'Warner': 0/1/0/0/0 (1)
   29  'Wildasin': 0/1/0/0/0 (1)
   30  'Wu': 0/1/0/0/0 (1)
   31  'Zhang': 0/1/0/0/0 (1)
8   'использовать, потенциальный, ввп, компонент, оценка' 7/5/12/0/0 (24)
   1   'Auerbach': 0/0/2/0/0 (2)
   2   'Gale': 0/0/2/0/0 (2)
   3   'Hoeller': 0/0/2/0/0 (2)
   4   'Merola': 0/0/2/0/0 (2)
   5   'Orszag': 0/0/2/0/0 (2)
   6   'Sutherland': 0/0/2/0/0 (2)
   7   'Aizenman': 0/1/0/0/0 (1)
   8   'Alfaro': 1/0/0/0/0 (1)
   9   'Gertler': 1/0/0/0/0 (1)
   10  'Jinjarak': 0/1/0/0/0 (1)
   11  'Kalemli-Ozcan': 1/0/0/0/0 (1)
   12  'McCarten': 0/1/0/0/0 (1)
   13  'Rogoff': 1/0/0/0/0 (1)
   14  'Sandmo': 0/1/0/0/0 (1)
   15  'Tornell': 1/0/0/0/0 (1)
   16  'Velasco': 1/0/0/0/0 (1)
   17  'Volosovych': 1/0/0/0/0 (1)
   18  'Yitzhaki': 0/1/0/0/0 (1)
9   'цена, уровень, товар, единый, закон' 0/0/0/2/0 (2)
   1   'Knetter': 0/0/0/1/0 (1)
   2   'Идрисов': 0/0/0/1/0 (1)
10  'рост, показатель, капитал, экономический, уровень' 2/6/0/0/0 (8)
   1   'Chamon': 0/1/0/0/0 (1)
   2   'Ghosh': 0/1/0/0/0 (1)
   3   'Habermeier': 0/1/0/0/0 (1)
   4   'IMF': 1/0/0/0/0 (1)
   5   'OECD': 1/0/0/0/0 (1)
   6   'Ostry': 0/1/0/0/0 (1)
   7   'Qureshi': 0/1/0/0/0 (1)
   8   'Reinhardt': 0/1/0/0/0 (1)
11  'economic, growth, rate, tax, see' 17/13/13/18/0 (61)
   1   'Aizenman': 0/1/0/0/0 (1)
   2   'Arkhipov': 0/0/1/0/0 (1)
   3   'Arrow': 1/0/0/0/0 (1)
   4   'Bank': 1/0/0/0/0 (1)
   5   'Batkibekov': 0/0/1/0/0 (1)
   6   'Boadway': 0/1/0/0/0 (1)
   7   'Dasgupta': 1/0/0/0/0 (1)
   8   'Drobyshevsky': 0/0/1/0/0 (1)
   9   'Durlauf': 1/0/0/0/0 (1)
   10  'Entov': 0/1/0/0/0 (1)
   11  'Fitoussi': 1/0/0/0/0 (1)
   12  'Fjeldstad': 0/1/0/0/0 (1)
   13  'Goulder': 1/0/0/0/0 (1)
   14  'Helpman': 0/1/0/0/0 (1)
   15  'IMF': 0/0/1/0/0 (1)
   16  'Islam': 0/0/1/0/0 (1)
   17  'Jinjarak': 0/1/0/0/0 (1)
   18  'Johnson': 1/0/0/0/0 (1)
   19  'Kadochnikov': 0/0/1/0/0 (1)
   20  'Ma': 0/1/0/0/0 (1)
   21  'Malinina': 0/0/1/0/0 (1)
   22  'Mankiw': 0/0/1/0/0 (1)
   23  'Markusen': 1/0/0/0/0 (1)
   24  'McCarten': 0/1/0/0/0 (1)
   25  'Mehlum': 0/0/0/1/0 (1)
   26  'Mezheraups': 0/1/0/0/0 (1)
   27  'Moene': 0/0/0/1/0 (1)
   28  'Mokyr': 1/0/0/0/0 (1)
   29  'Mumford': 1/0/0/0/0 (1)
   30  'Mundell': 1/0/0/0/0 (1)
   31  'Oleson': 1/0/0/0/0 (1)
   32  'Radygin': 0/1/0/0/0 (1)
   33  'Robinson': 0/0/0/1/0 (1)
   34  'Rodrik': 1/0/0/0/0 (1)
   35  'Romer': 0/0/1/0/0 (1)
   36  'Ross': 0/0/0/1/0 (1)
   37  'Sandmo': 0/1/0/0/0 (1)
   38  'Sen': 1/0/0/0/0 (1)
   39  'Shvetsov': 0/1/0/0/0 (1)
   40  'Sinelnikov-Murylev': 0/0/1/0/0 (1)
   41  'Stiglitz': 1/0/0/0/0 (1)
   42  'Temple': 1/0/0/0/0 (1)
   43  'Torvik': 0/0/0/1/0 (1)
   44  'Trunin': 0/0/1/0/0 (1)
   45  'Verdier': 0/0/0/1/0 (1)
   46  'Weil': 0/0/1/0/0 (1)
   47  'World': 1/0/0/0/0 (1)
   48  'Yitzhaki': 0/1/0/0/0 (1)
   49  'Young': 0/0/1/0/0 (1)
   50  'Волчкова': 0/0/0/1/0 (1)
   51  'Гуриев': 0/0/0/1/0 (1)
   52  'Егоров': 0/0/0/1/0 (1)
   53  'Идрисов': 0/0/0/1/0 (1)
   54  'Казакова': 0/0/0/1/0 (1)
   55  'Кнобель': 0/0/0/1/0 (1)
   56  'Полбин': 0/0/0/1/0 (1)
   57  'Полтерович': 0/0/0/1/0 (1)
   58  'Попов': 0/0/0/1/0 (1)
   59  'Сонин': 0/0/0/1/0 (1)
   60  'Суслова': 0/0/0/1/0 (1)
   61  'Тонис': 0/0/0/1/0 (1)
12  'see, работа, доход, результат, subnational' 7/33/12/0/0 (52)
   1   'IMF': 0/2/1/0/0 (3)
   2   'Auerbach': 0/1/1/0/0 (2)
   3   'Brixi': 0/2/0/0/0 (2)
   4   'Burnside': 0/2/0/0/0 (2)
   5   'Celasun': 0/2/0/0/0 (2)
   6   'Debrun': 0/2/0/0/0 (2)
   7   'Gale': 0/1/1/0/0 (2)
   8   'Orszag': 0/1/1/0/0 (2)
   9   'Ostry': 0/2/0/0/0 (2)
   10  'Samake': 0/2/0/0/0 (2)
   11  'Schick': 0/2/0/0/0 (2)
   12  'Tanner': 0/2/0/0/0 (2)
   13  'Arnold': 0/1/0/0/0 (1)
   14  'Burns': 0/1/0/0/0 (1)
   15  'Evans': 0/1/0/0/0 (1)
   16  'Fitts': 0/1/0/0/0 (1)
   17  'Gokhale': 0/1/0/0/0 (1)
   18  'Green': 0/1/0/0/0 (1)
   19  'Hicks': 1/0/0/0/0 (1)
   20  'Hoeller': 0/0/1/0/0 (1)
   21  'Inman': 0/1/0/0/0 (1)
   22  'Islam': 0/0/1/0/0 (1)
   23  'Keynes': 1/0/0/0/0 (1)
   24  'Klein': 1/0/0/0/0 (1)
   25  'Kotlikoff': 0/1/0/0/0 (1)
   26  'Mankiw': 0/0/1/0/0 (1)
   27  'Merola': 0/0/1/0/0 (1)
   28  'Phillips': 0/1/0/0/0 (1)
   29  'Raffelhuschen': 0/1/0/0/0 (1)
   30  'Romer': 0/0/1/0/0 (1)
   31  'Samuelson': 1/0/0/0/0 (1)
   32  'Smetters': 0/1/0/0/0 (1)
   33  'Stewart': 0/1/0/0/0 (1)
   34  'Sutherland': 0/0/1/0/0 (1)
   35  'Weil': 0/0/1/0/0 (1)
   36  'Young': 0/0/1/0/0 (1)
   37  'Головнин': 1/0/0/0/0 (1)
   38  'Ершов': 1/0/0/0/0 (1)
   39  'Некипелов': 1/0/0/0/0 (1)
13  'бюджетный, оценка, страна, работа, expenditure' 0/19/8/2/0 (29)
   1   'Auerbach': 0/1/1/0/0 (2)
   2   'Gale': 0/1/1/0/0 (2)
   3   'Orszag': 0/1/1/0/0 (2)
   4   'Aschauer': 0/0/1/0/0 (1)
   5   'Bank': 0/1/0/0/0 (1)
   6   'Barro': 0/0/1/0/0 (1)
   7   'Burns': 0/1/0/0/0 (1)
   8   'Entov': 0/1/0/0/0 (1)
   9   'Evans': 0/1/0/0/0 (1)
   10  'Gokhale': 0/1/0/0/0 (1)
   11  'Green': 0/1/0/0/0 (1)
   12  'Helpman': 0/1/0/0/0 (1)
   13  'Hoeller': 0/0/1/0/0 (1)
   14  'IEA': 0/0/0/1/0 (1)
   15  'IMF': 0/1/0/0/0 (1)
   16  'Kotlikoff': 0/1/0/0/0 (1)
   17  'Merola': 0/0/1/0/0 (1)
   18  'Mezheraups': 0/1/0/0/0 (1)
   19  'OPEC': 0/0/0/1/0 (1)
   20  'Phillips': 0/1/0/0/0 (1)
   21  'Radygin': 0/1/0/0/0 (1)
   22  'Raffelhuschen': 0/1/0/0/0 (1)
   23  'Shvetsov': 0/1/0/0/0 (1)
   24  'Smetters': 0/1/0/0/0 (1)
   25  'Sutherland': 0/0/1/0/0 (1)
   26  'World': 0/1/0/0/0 (1)
14  'цикл, see, модель, являться, работа' 0/47/7/0/0 (54)
   1   'Blanchard': 0/2/0/0/0 (2)
   2   'Burnside': 0/2/0/0/0 (2)
   3   'Chalk': 0/2/0/0/0 (2)
   4   'Giammarioli': 0/2/0/0/0 (2)
   5   'Hemming': 0/2/0/0/0 (2)
   6   'Horne': 0/2/0/0/0 (2)
   7   'Nickel': 0/2/0/0/0 (2)
   8   'Ph': 0/2/0/0/0 (2)
   9   'Rother': 0/2/0/0/0 (2)
   10  'Vidal': 0/2/0/0/0 (2)
   11  'Aizenman': 0/1/0/0/0 (1)
   12  'Alesina': 0/1/0/0/0 (1)
   13  'Auerbach': 0/1/0/0/0 (1)
   14  'Bartolini': 0/1/0/0/0 (1)
   15  'Burns': 0/1/0/0/0 (1)
   16  'Drazen': 0/1/0/0/0 (1)
   17  'Entov': 0/1/0/0/0 (1)
   18  'Evans': 0/1/0/0/0 (1)
   19  'Gale': 0/1/0/0/0 (1)
   20  'Gokhale': 0/1/0/0/0 (1)
   21  'Green': 0/1/0/0/0 (1)
   22  'Grilli': 0/1/0/0/0 (1)
   23  'Helpman': 0/1/0/0/0 (1)
   24  'Jinjarak': 0/1/0/0/0 (1)
   25  'Kotlikoff': 0/1/0/0/0 (1)
   26  'McCarten': 0/1/0/0/0 (1)
   27  'Mezheraups': 0/1/0/0/0 (1)
   28  'Milesi-Ferrett': 0/1/0/0/0 (1)
   29  'Milesi-Ferretti': 0/1/0/0/0 (1)
   30  'Orszag': 0/1/0/0/0 (1)
   31  'Phillips': 0/1/0/0/0 (1)
   32  'Radygin': 0/1/0/0/0 (1)
   33  'Raffelhuschen': 0/1/0/0/0 (1)
   34  'Sandmo': 0/1/0/0/0 (1)
   35  'Shvetsov': 0/1/0/0/0 (1)
   36  'Smetters': 0/1/0/0/0 (1)
   37  'Yitzhaki': 0/1/0/0/0 (1)
   38  'Астафьева': 0/0/1/0/0 (1)
   39  'Бессонов': 0/0/1/0/0 (1)
   40  'Воскобойников': 0/0/1/0/0 (1)
   41  'Луговой': 0/0/1/0/0 (1)
   42  'Некипелов': 0/0/1/0/0 (1)
   43  'Турунцева': 0/0/1/0/0 (1)
   44  'Энтов': 0/0/1/0/0 (1)
15  'потенциальный, ввп, метод, ряд, цена' 0/11/4/4/0 (19)
   1   'Aiyar': 0/1/0/0/0 (1)
   2   'Cardoso': 0/0/1/0/0 (1)
   3   'Duval': 0/1/0/0/0 (1)
   4   'Garcia': 0/0/1/0/0 (1)
   5   'Goldfajn': 0/0/1/0/0 (1)
   6   'Griffith': 0/1/0/0/0 (1)
   7   'Gylfason': 0/1/0/0/0 (1)
   8   'Mehlum': 0/1/0/0/0 (1)
   9   'Moene': 0/1/0/0/0 (1)
   10  'Puy': 0/1/0/0/0 (1)
   11  'Torvik': 0/1/0/0/0 (1)
   12  'Treisman': 0/1/0/0/0 (1)
   13  'Valpassos': 0/0/1/0/0 (1)
   14  'Wu': 0/1/0/0/0 (1)
   15  'Zhang': 0/1/0/0/0 (1)
   16  'Идрисов': 0/0/0/1/0 (1)
   17  'Каукин': 0/0/0/1/0 (1)
   18  'Пономарев': 0/0/0/1/0 (1)
   19  'Трунин': 0/0/0/1/0 (1)
16  'уровень, цена, see, выпуск, authority' 9/2/5/0/0 (16)
   1   'Abdelal': 0/1/0/0/0 (1)
   2   'Baum': 1/0/0/0/0 (1)
   3   'Bernstein': 1/0/0/0/0 (1)
   4   'Bleaney': 1/0/0/0/0 (1)
   5   'Bordo': 0/1/0/0/0 (1)
   6   'Cecchetti': 1/0/0/0/0 (1)
   7   'Checherita-Westphal': 1/0/0/0/0 (1)
   8   'Dafflon': 0/0/1/0/0 (1)
   9   'Greenaway': 1/0/0/0/0 (1)
   10  'Guonan': 0/0/1/0/0 (1)
   11  'Jadhav': 0/0/1/0/0 (1)
   12  'Kubler': 0/0/1/0/0 (1)
   13  'McCauley': 0/0/1/0/0 (1)
   14  'Mohanty': 1/0/0/0/0 (1)
   15  'Rother': 1/0/0/0/0 (1)
   16  'Zampolli': 1/0/0/0/0 (1)
17  'работа, налоговый, налогообложение, данный, теория' 12/13/0/0/0 (25)
   1   'Eichengreen': 1/1/0/0/0 (2)
   2   'Acemoglu': 1/0/0/0/0 (1)
   3   'Arteta': 1/0/0/0/0 (1)
   4   'Chamon': 0/1/0/0/0 (1)
   5   'Chanda': 1/0/0/0/0 (1)
   6   'Chinn': 1/0/0/0/0 (1)
   7   'Dornbusch': 0/1/0/0/0 (1)
   8   'Edwards': 1/0/0/0/0 (1)
   9   'Fischer': 0/1/0/0/0 (1)
   10  'Ghosh': 0/1/0/0/0 (1)
   11  'Habermeier': 0/1/0/0/0 (1)
   12  'Ito': 1/0/0/0/0 (1)
   13  'Johnson': 1/0/0/0/0 (1)
   14  'Kraay': 1/0/0/0/0 (1)
   15  'Mauro': 1/0/0/0/0 (1)
   16  'Neely': 0/1/0/0/0 (1)
   17  'Obstfeld': 0/1/0/0/0 (1)
   18  'Ostry': 0/1/0/0/0 (1)
   19  'Qureshi': 0/1/0/0/0 (1)
   20  'Reinhardt': 0/1/0/0/0 (1)
   21  'Robinson': 1/0/0/0/0 (1)
   22  'Rose': 0/1/0/0/0 (1)
   23  'Stiglitz': 0/1/0/0/0 (1)
   24  'Wyplosz': 1/0/0/0/0 (1)
18  'see, tax, federal, expenditure, government' 0/9/6/3/0 (18)
   1   'Ladd': 0/2/0/0/0 (2)
   2   'Arnold': 0/1/0/0/0 (1)
   3   'Blanchard': 0/0/0/1/0 (1)
   4   'Fitts': 0/1/0/0/0 (1)
   5   'IMF': 0/0/1/0/0 (1)
   6   'Inman': 0/1/0/0/0 (1)
   7   'Islam': 0/0/1/0/0 (1)
   8   'Kolstad': 0/1/0/0/0 (1)
   9   'Mankiw': 0/0/1/0/0 (1)
   10  'Monacelli': 0/0/0/1/0 (1)
   11  'Perotti': 0/0/0/1/0 (1)
   12  'Romer': 0/0/1/0/0 (1)
   13  'Stewart': 0/1/0/0/0 (1)
   14  'Weil': 0/0/1/0/0 (1)
   15  'Wildasin': 0/1/0/0/0 (1)
   16  'Wolak': 0/1/0/0/0 (1)
   17  'Young': 0/0/1/0/0 (1)
19  'ввп, разрыв, структурный, see, объем' 17/2/9/38/0 (66)
   1   'Bank': 1/0/1/0/0 (2)
   2   'Mehlum': 0/0/0/2/0 (2)
   3   'Moene': 0/0/0/2/0 (2)
   4   'Robinson': 0/0/0/2/0 (2)
   5   'Ross': 0/0/0/2/0 (2)
   6   'Torvik': 0/0/0/2/0 (2)
   7   'Verdier': 0/0/0/2/0 (2)
   8   'World': 1/0/1/0/0 (2)
   9   'Волчкова': 0/0/0/2/0 (2)
   10  'Гуриев': 0/0/0/2/0 (2)
   11  'Егоров': 0/0/0/2/0 (2)
   12  'Идрисов': 0/0/0/2/0 (2)
   13  'Казакова': 0/0/0/2/0 (2)
   14  'Кнобель': 0/0/0/2/0 (2)
   15  'Полбин': 0/0/0/2/0 (2)
   16  'Полтерович': 0/0/0/2/0 (2)
   17  'Попов': 0/0/0/2/0 (2)
   18  'Сонин': 0/0/0/2/0 (2)
   19  'Суслова': 0/0/0/2/0 (2)
   20  'Тонис': 0/0/0/2/0 (2)
   21  'Arrow': 1/0/0/0/0 (1)
   22  'Chamon': 0/0/1/0/0 (1)
   23  'Dasgupta': 1/0/0/0/0 (1)
   24  'Durlauf': 1/0/0/0/0 (1)
   25  'Edison': 0/0/1/0/0 (1)
   26  'Fitoussi': 1/0/0/0/0 (1)
   27  'Garcia': 0/0/1/0/0 (1)
   28  'Goulder': 1/0/0/0/0 (1)
   29  'IEA': 0/0/0/1/0 (1)
   30  'IMF': 0/0/1/0/0 (1)
   31  'Johnson': 1/0/0/0/0 (1)
   32  'Kazakova': 1/0/0/0/0 (1)
   33  'Mokyr': 1/0/0/0/0 (1)
   34  'Mumford': 1/0/0/0/0 (1)
   35  'OPEC': 0/0/0/1/0 (1)
   36  'Oates': 0/1/0/0/0 (1)
   37  'Oleson': 1/0/0/0/0 (1)
   38  'Reinhart': 0/0/1/0/0 (1)
   39  'Rodrik': 1/0/0/0/0 (1)
   40  'Sen': 1/0/0/0/0 (1)
   41  'Sinelnikov-Murylev': 1/0/0/0/0 (1)
   42  'Stiglitz': 1/0/0/0/0 (1)
   43  'Tanzi': 0/0/1/0/0 (1)
   44  'Temple': 1/0/0/0/0 (1)
   45  'Tiebout': 0/1/0/0/0 (1)
   46  'Zee': 0/0/1/0/0 (1)
20  'бюджетный, государственный, бюджет, расход, рост' 16/0/6/0/0 (22)
   1   'Идрисов': 2/0/0/0/0 (2)
   2   'Синельников-Мурылев': 2/0/0/0/0 (2)
   3   'Arteta': 1/0/0/0/0 (1)
   4   'Auerbach': 0/0/1/0/0 (1)
   5   'Chanda': 1/0/0/0/0 (1)
   6   'Chinn': 1/0/0/0/0 (1)
   7   'Edwards': 1/0/0/0/0 (1)
   8   'Eichengreen': 1/0/0/0/0 (1)
   9   'Gale': 0/0/1/0/0 (1)
   10  'Hoeller': 0/0/1/0/0 (1)
   11  'Ito': 1/0/0/0/0 (1)
   12  'Klein': 1/0/0/0/0 (1)
   13  'Kraay': 1/0/0/0/0 (1)
   14  'Levine': 1/0/0/0/0 (1)
   15  'Merola': 0/0/1/0/0 (1)
   16  'Olivei': 1/0/0/0/0 (1)
   17  'Orszag': 0/0/1/0/0 (1)
   18  'Sutherland': 0/0/1/0/0 (1)
   19  'Wyplosz': 1/0/0/0/0 (1)
   20  'Zervos': 1/0/0/0/0 (1)

Кросс-распределение «топики» - «фразы»
1   'public, government, expenditure, region, goods' 1/1/12/0/4 (18)
   1   'budget constraint subnational authority': 1/1/2/0/0 (4)
   2   'величина получить эмпирический путь': 0/0/2/0/0 (2)
   3   'данные величина получить эмпирический': 0/0/2/0/0 (2)
   4   'получить эмпирический путь применительно': 0/0/2/0/0 (2)
   5   'путь применительно развить страна': 0/0/2/0/0 (2)
   6   'эмпирический путь применительно развить': 0/0/2/0/0 (2)
   7   'должен стать увеличение человеческий': 0/0/0/0/1 (1)
   8   'рост должен стать увеличение': 0/0/0/0/1 (1)
   9   'стать увеличение человеческий капитал': 0/0/0/0/1 (1)
   10  'увеличение человеческий капитал повышение': 0/0/0/0/1 (1)
2   'капитал, рост, страна, год, товар' 3/4/3/4/6 (20)
   1   'уровень загрузка производственный мощность': 0/0/3/4/0 (7)
   2   'расширить правительство развиваться экономика': 3/0/0/0/0 (3)
   3   'рост основа оценка модель': 0/2/0/0/0 (2)
   4   'экономический рост основа оценка': 0/2/0/0/0 (2)
   5   'должен стать увеличение человеческий': 0/0/0/0/1 (1)
   6   'рост должен стать увеличение': 0/0/0/0/1 (1)
   7   'стать увеличение человеческий капитал': 0/0/0/0/1 (1)
   8   'темп рост ввп рф': 0/0/0/0/1 (1)
   9   'увеличение человеческий капитал повышение': 0/0/0/0/1 (1)
   10  'человеческий капитал повышение качество': 0/0/0/0/1 (1)
3   'фильтр, оценка, ввп, рост, потенциальный' 3/13/8/6/0 (30)
   1   'фильтр ходрикапрескотта производственный функция': 0/4/4/0/0 (8)
   2   'потенциальный ввп разрыв выпуск': 1/3/0/2/0 (6)
   3   'энтов др detail see': 0/1/4/0/0 (5)
   4   'уровень загрузка производственный мощность': 0/0/0/4/0 (4)
   5   'выполнение закон единый цена': 2/0/0/0/0 (2)
   6   'бакстеракинг фильтр ходрикапрескотта декомпозиция': 0/1/0/0/0 (1)
   7   'метод оценка потенциальный ввп': 0/1/0/0/0 (1)
   8   'фильтр бакстеракинг фильтр ходрикапрескотта': 0/1/0/0/0 (1)
   9   'фильтр ходрикапрескотта декомпозиция сток': 0/1/0/0/0 (1)
   10  'ходрикапрескотта декомпозиция сток уотсон': 0/1/0/0/0 (1)
4   'уровень, цена, экономический, товар, экономика' 68/2/2/0/0 (72)
   1   'без постоянный увеличение инфляция': 11/0/0/0/0 (11)
   2   'долгосрочный перспектива без постоянный': 11/0/0/0/0 (11)
   3   'перспектива без постоянный увеличение': 11/0/0/0/0 (11)
   4   'поддерживать долгосрочный перспектива без': 11/0/0/0/0 (11)
   5   'выбор эталонный уровень цена': 9/0/0/0/0 (9)
   6   'выполнение закон единый цена': 3/2/2/0/0 (7)
   7   'гипотеза наличие единичный корень': 6/0/0/0/0 (6)
   8   'цена между город сша': 4/0/0/0/0 (4)
   9   'потенциальный ввп разрыв выпуск': 1/0/0/0/0 (1)
   10  'товар квартал скоропортиться товар': 1/0/0/0/0 (1)
5   'expenditure, see, рост, government, federal' 1/4/2/30/0 (37)
   1   'величина получить эмпирический путь': 0/0/0/6/0 (6)
   2   'данные величина получить эмпирический': 0/0/0/6/0 (6)
   3   'получить эмпирический путь применительно': 0/0/0/6/0 (6)
   4   'путь применительно развить страна': 0/0/0/6/0 (6)
   5   'эмпирический путь применительно развить': 0/0/0/6/0 (6)
   6   'выполнение закон единый цена': 1/0/2/0/0 (3)
   7   'budget constraint subnational authority': 0/1/0/0/0 (1)
   8   'rate loan nonfinancial sector': 0/1/0/0/0 (1)
   9   'рост основа оценка модель': 0/1/0/0/0 (1)
   10  'экономический рост основа оценка': 0/1/0/0/0 (1)
6   'government, expenditure, рост, fiscal, капитал' 8/10/0/6/0 (24)
   1   'calculation multiplier government expenditure': 0/0/0/4/0 (4)
   2   'рост основа оценка модель': 0/4/0/0/0 (4)
   3   'экономический рост основа оценка': 0/4/0/0/0 (4)
   4   'без постоянный увеличение инфляция': 2/0/0/0/0 (2)
   5   'долгосрочный перспектива без постоянный': 2/0/0/0/0 (2)
   6   'перспектива без постоянный увеличение': 2/0/0/0/0 (2)
   7   'поддерживать долгосрочный перспектива без': 2/0/0/0/0 (2)
   8   'уровень загрузка производственный мощность': 0/0/0/2/0 (2)
   9   'interest rate loan nonfinancial': 0/1/0/0/0 (1)
   10  'rate loan nonfinancial sector': 0/1/0/0/0 (1)
7   'see, оценка, subnational, разрыв, authority' 2/12/5/0/0 (19)
   1   'budget constraint subnational authority': 1/4/1/0/0 (6)
   2   'модель многомерный фильтр калман': 0/2/2/0/0 (4)
   3   'фильтр ходрикапрескотта производственный функция': 0/0/2/0/0 (2)
   4   'выпуск оценить помощь многомерный': 0/1/0/0/0 (1)
   5   'многомерный фильтр калман больший': 0/1/0/0/0 (1)
   6   'оценить помощь многомерный фильтр': 0/1/0/0/0 (1)
   7   'помощь многомерный фильтр калман': 0/1/0/0/0 (1)
   8   'потенциальный ввп разрыв выпуск': 1/0/0/0/0 (1)
   9   'разрыв выпуск оценить помощь': 0/1/0/0/0 (1)
   10  'фильтр калман больший степень': 0/1/0/0/0 (1)
8   'использовать, потенциальный, ввп, компонент, оценка' 1/2/15/7/0 (25)
   1   'метод оценка потенциальный ввп': 0/2/2/4/0 (8)
   2   'уровень загрузка производственный мощность': 0/0/1/2/0 (3)
   3   'величина получить эмпирический путь': 0/0/2/0/0 (2)
   4   'данные величина получить эмпирический': 0/0/2/0/0 (2)
   5   'получить эмпирический путь применительно': 0/0/2/0/0 (2)
   6   'путь применительно развить страна': 0/0/2/0/0 (2)
   7   'результат применение фильтр ходрикапрескотта': 0/0/2/0/0 (2)
   8   'эмпирический путь применительно развить': 0/0/2/0/0 (2)
   9   'потенциальный ввп разрыв выпуск': 1/0/0/0/0 (1)
   10  'темп рост ввп рф': 0/0/0/1/0 (1)
9   'цена, уровень, товар, единый, закон' 29/5/3/2/0 (39)
   1   'выполнение закон единый цена': 3/5/1/0/0 (9)
   2   'квартал скоропортиться товар квартал': 7/0/0/0/0 (7)
   3   'товар квартал скоропортиться товар': 7/0/0/0/0 (7)
   4   'выбор эталонный уровень цена': 4/0/0/0/0 (4)
   5   'гипотеза наличие единичный корень': 4/0/0/0/0 (4)
   6   'уровень загрузка производственный мощность': 0/0/1/2/0 (3)
   7   'цена между город сша': 2/0/0/0/0 (2)
   8   'budget constraint subnational authority': 0/0/1/0/0 (1)
   9   'единичный корень панельный данные': 1/0/0/0/0 (1)
   10  'наличие единичный корень панельный': 1/0/0/0/0 (1)
10  'рост, показатель, капитал, экономический, уровень' 3/4/5/0/0 (12)
   1   'рост основа оценка модель': 0/2/0/0/0 (2)
   2   'экономический рост основа оценка': 0/2/0/0/0 (2)
   3   'величина получить эмпирический путь': 0/0/1/0/0 (1)
   4   'географический положение показатель деятельность': 1/0/0/0/0 (1)
   5   'данные величина получить эмпирический': 0/0/1/0/0 (1)
   6   'получить эмпирический путь применительно': 0/0/1/0/0 (1)
   7   'путь применительно развить страна': 0/0/1/0/0 (1)
   8   'характеристика географический положение показатель': 1/0/0/0/0 (1)
   9   'экономика характеристика географический положение': 1/0/0/0/0 (1)
   10  'эмпирический путь применительно развить': 0/0/1/0/0 (1)
11  'economic, growth, rate, tax, see' 1/2/8/0/0 (11)
   1   'rate loan nonfinancial sector': 0/1/1/0/0 (2)
   2   'interest rate loan nonfinancial': 0/1/0/0/0 (1)
   3   'later positive detail see': 0/0/1/0/0 (1)
   4   'loan nonfinancial sector negative': 0/0/1/0/0 (1)
   5   'negative respectively later positive': 0/0/1/0/0 (1)
   6   'nonfinancial sector negative respectively': 0/0/1/0/0 (1)
   7   'respectively later positive detail': 0/0/1/0/0 (1)
   8   'sector negative respectively later': 0/0/1/0/0 (1)
   9   'расширить правительство развиваться экономика': 1/0/0/0/0 (1)
   10  'энтов др detail see': 0/0/1/0/0 (1)
12  'see, работа, доход, результат, subnational' 25/7/0/0/0 (32)
   1   'квартал скоропортиться товар квартал': 5/0/0/0/0 (5)
   2   'товар квартал скоропортиться товар': 5/0/0/0/0 (5)
   3   'гипотеза наличие единичный корень': 4/0/0/0/0 (4)
   4   'наличие единичный корень панельный': 4/0/0/0/0 (4)
   5   'фильтр ходрикапрескотта производственный функция': 0/4/0/0/0 (4)
   6   'выбор эталонный уровень цена': 3/0/0/0/0 (3)
   7   'проблема выбор эталонный уровень': 3/0/0/0/0 (3)
   8   'budget constraint subnational authority': 0/2/0/0/0 (2)
   9   'выполнение закон единый цена': 1/0/0/0/0 (1)
   10  'результат применение фильтр ходрикапрескотта': 0/1/0/0/0 (1)
13  'бюджетный, оценка, страна, работа, expenditure' 6/52/2/0/0 (60)
   1   'бакстеракинг фильтр ходрикапрескотта декомпозиция': 0/8/0/0/0 (8)
   2   'декомпозиция сток уотсон декомпозиция': 0/8/0/0/0 (8)
   3   'фильтр бакстеракинг фильтр ходрикапрескотта': 0/8/0/0/0 (8)
   4   'фильтр ходрикапрескотта декомпозиция сток': 0/8/0/0/0 (8)
   5   'ходрикапрескотта декомпозиция сток уотсон': 0/8/0/0/0 (8)
   6   'метод оценка потенциальный ввп': 0/4/2/0/0 (6)
   7   'расширить правительство развиваться экономика': 6/0/0/0/0 (6)
   8   'потенциальный ввп разрыв выпуск': 0/5/0/0/0 (5)
   9   'выполнение закон единый цена': 0/2/0/0/0 (2)
   10  'подход фильтр бакстеракинг фильтр': 0/1/0/0/0 (1)
14  'цикл, see, модель, являться, работа' 1/12/5/0/0 (18)
   1   'рост основа оценка модель': 0/4/0/0/0 (4)
   2   'экономический рост основа оценка': 0/4/0/0/0 (4)
   3   'budget constraint subnational authority': 0/2/0/0/0 (2)
   4   'выполнение закон единый цена': 1/1/0/0/0 (2)
   5   'man bear woman bear': 0/0/1/0/0 (1)
   6   'see tanzi zee imf': 0/0/1/0/0 (1)
   7   'tanzi zee imf world': 0/0/1/0/0 (1)
   8   'гипотеза наличие единичный корень': 0/1/0/0/0 (1)
   9   'уровень загрузка производственный мощность': 0/0/1/0/0 (1)
   10  'энтов др detail see': 0/0/1/0/0 (1)
15  'потенциальный, ввп, метод, ряд, цена' 33/8/0/0/0 (41)
   1   'гипотеза наличие единичный корень': 10/1/0/0/0 (11)
   2   'единичный корень панельный данные': 10/0/0/0/0 (10)
   3   'цена между город сша': 6/0/0/0/0 (6)
   4   'наличие единичный корень панельный': 4/0/0/0/0 (4)
   5   'потенциальный ввп разрыв выпуск': 3/0/0/0/0 (3)
   6   'выполнение закон единый цена': 0/2/0/0/0 (2)
   7   'метод оценка потенциальный ввп': 0/2/0/0/0 (2)
   8   'бакстеракинг фильтр ходрикапрескотта декомпозиция': 0/1/0/0/0 (1)
   9   'фильтр бакстеракинг фильтр ходрикапрескотта': 0/1/0/0/0 (1)
   10  'фильтр ходрикапрескотта декомпозиция сток': 0/1/0/0/0 (1)
16  'уровень, цена, see, выпуск, authority' 8/0/4/0/0 (12)
   1   'budget constraint subnational authority': 0/0/2/0/0 (2)
   2   'выполнение закон единый цена': 0/0/2/0/0 (2)
   3   'лишь смягчить падение российский': 1/0/0/0/0 (1)
   4   'мировой кризис год сейчас': 1/0/0/0/0 (1)
   5   'нефть лишь смягчить падение': 1/0/0/0/0 (1)
   6   'падение российский экономика период': 1/0/0/0/0 (1)
   7   'период мировой кризис год': 1/0/0/0/0 (1)
   8   'российский экономика период мировой': 1/0/0/0/0 (1)
   9   'смягчить падение российский экономика': 1/0/0/0/0 (1)
   10  'экономика период мировой кризис': 1/0/0/0/0 (1)
17  'работа, налоговый, налогообложение, данный, теория' 0/17/4/0/0 (21)
   1   'бакстеракинг фильтр ходрикапрескотта декомпозиция': 0/3/0/0/0 (3)
   2   'декомпозиция сток уотсон декомпозиция': 0/3/0/0/0 (3)
   3   'фильтр бакстеракинг фильтр ходрикапрескотта': 0/3/0/0/0 (3)
   4   'фильтр ходрикапрескотта декомпозиция сток': 0/3/0/0/0 (3)
   5   'ходрикапрескотта декомпозиция сток уотсон': 0/3/0/0/0 (3)
   6   'подход фильтр бакстеракинг фильтр': 0/2/0/0/0 (2)
   7   'банковский кризис приводить рост': 0/0/1/0/0 (1)
   8   'кризис приводить рост государственный': 0/0/1/0/0 (1)
   9   'отмечать банковский кризис приводить': 0/0/1/0/0 (1)
   10  'приводить рост государственный долг': 0/0/1/0/0 (1)
18  'see, tax, federal, expenditure, government' 0/7/6/6/0 (19)
   1   'mountford uh monacelli perotti': 0/1/0/4/0 (5)
   2   'loan nonfinancial sector negative': 0/1/1/0/0 (2)
   3   'negative respectively later positive': 0/1/1/0/0 (2)
   4   'nonfinancial sector negative respectively': 0/1/1/0/0 (2)
   5   'rate loan nonfinancial sector': 0/1/1/0/0 (2)
   6   'sector negative respectively later': 0/1/1/0/0 (2)
   7   'calculation multiplier government expenditure': 0/0/0/1/0 (1)
   8   'institute economy transition period': 0/0/0/1/0 (1)
   9   'interest rate loan nonfinancial': 0/1/0/0/0 (1)
   10  'энтов др detail see': 0/0/1/0/0 (1)
19  'ввп, разрыв, структурный, see, объем' 1/0/21/3/0 (25)
   1   'man bear woman bear': 0/0/4/0/0 (4)
   2   'энтов др detail see': 0/0/4/0/0 (4)
   3   'see tanzi zee imf': 0/0/3/0/0 (3)
   4   'tanzi zee imf world': 0/0/3/0/0 (3)
   5   'zee imf world bank': 0/0/3/0/0 (3)
   6   'модель многомерный фильтр калман': 0/0/2/0/0 (2)
   7   'темп рост ввп рф': 0/0/0/2/0 (2)
   8   'фильтр ходрикапрескотта производственный функция': 0/0/2/0/0 (2)
   9   'budget constraint subnational authority': 1/0/0/0/0 (1)
   10  'методика декомпозиция темп рост': 0/0/0/1/0 (1)
20  'бюджетный, государственный, бюджет, расход, рост' 1/0/9/0/0 (10)
   1   'банковский кризис приводить рост': 0/0/1/0/0 (1)
   2   'влечь дефолт последующий несколько': 0/0/1/0/0 (1)
   3   'государственный долг зачастую влечь': 0/0/1/0/0 (1)
   4   'долг зачастую влечь дефолт': 0/0/1/0/0 (1)
   5   'долгосрочный темп экономический рост': 1/0/0/0/0 (1)
   6   'зачастую влечь дефолт последующий': 0/0/1/0/0 (1)
   7   'кризис приводить рост государственный': 0/0/1/0/0 (1)
   8   'отмечать банковский кризис приводить': 0/0/1/0/0 (1)
   9   'приводить рост государственный долг': 0/0/1/0/0 (1)
   10  'рост государственный долг зачастую': 0/0/1/0/0 (1)
