Суммарное распределение цитирований по 5-ти фрагментам для всех публикаций: 418/320/190/100/60

Распределение цитирований по 5-ти фрагментам
1   186 75/64/36/8/3    Sergey Sinelnikov, Pavel Kadochnikov et al.  From Elections to Appointments of the Regional Governors: Major Challenges and Outcomes
2   131 45/68/17/1/0    Sergey Sinelnikov, Pavel Kadochnikov et al.  Fiscal Federalism in Russia: Soft Budget Constraints of Regional Governments
3   125 34/35/24/19/13  Sergey Sinelnikov-Murylev, Sergey Drobyshevsky et al.  Decomposition of Russia's GDP Growth Rates
4   125 34/35/24/19/13  Sergey Sinelnikov-Murylev, Sergey Drobyshevsky et al. (2016) Decomposition of Russia's GDP Growth Rates
5    64 9/18/22/12/3    Georgy Idrisov, Sergey Sinelnikov-Murylev  Budget Policy and Economic Growth
6    54 11/21/19/0/3    Bozhechkova, Alexandra (Божечкова, Александра), Goryunov, Evgeny (Горюнов, Евгений) et al. (2017) Capital Controls: World Experience and Lessons for Russia
7    52 27/16/7/2/0     Perevyshin, Yury (Перевышин, Юрий), Sinelnikov-Murylev, Sergei Germanovich (Синельников-Мурылев, Сергей Германович) et al.  Analysis of Regional Price Differentiations
8    47 17/11/3/13/3    Evgeny Goryunov, Sergey Sinelnikov-Murylev et al.  Theoretical foundations of fiscal gap as a long-term fiscal sustainability indicator and its estimates for Russia
9    44 14/11/7/10/2    Sergey Sinelnikov-Murylev, Eugene Goryunov et al. (2015) Theoretical foundations of fiscal gap as a long-term fiscal sustainability indicator and its estimates for Russia
10   39 10/8/8/2/11     Sinelnikov-Murylev, Sergei (Синельников-Мурылев, Сергей), Drobyshevskiy, Sergei (Дробышевский, Сергей) et al. (2014) Decomposition of the russian GDP growth rate in 1999-2014
11   38 25/4/3/4/2      Idrisov, Georgiy (Идрисов, Георгий), Ponomarev, Yuriy (Пономарев, Юрий) et al. (2015) Terms of trade and economic development of modern Russia
12   33 32/1/0/0/0      Alexeev, Michael (Алексеев, Майкл), Belev, Sergey (Белев, Сергей) et al.  Prospects for tax policy. Is there an “ideal tax system” for Russia?
13   28 21/0/0/0/7      Trunin, Pavel (Трунин, Павел), Sinelnikov-Murylev, Segei (Синельников-Мурылев, Сергей) et al.  Analysis of the Regional Differentiation of Inflation
14   27 5/9/8/5/0       Georgy Idrisov, Sergey Sinelnikov-Murylev  Forming Sources for a Long-run Growth: How to Understand Them?
15   21 18/1/1/1/0      Sinelnikov-Murylev Sergey, Turuntseva Marina et al. (2018) Stabilizing features of transfers allocated to the Russian regions from the Federal budget
16   17 8/7/2/0/0       Alexander Knobel, Sergey Sinelnikov-Murylev et al.  Quality of the Administration of Value-Added Tax in OECD countries and Russia
17   17 8/7/2/0/0       Knobel, Alexander, Sinelnikov-Murylev, Sergey et al. (2011) Quality of VAT administration in OECD countries and Russia
18   16 16/0/0/0/0      Balandina, Galina (Баландина, Галина), Ponomarev, Yuriy (Пономарев, Юрий) et al.  Customs Administration in Russia: What Should Modern Procedures Be?
19    9 0/3/6/0/0       Bozhechkova, Alexandra (Божечкова, Александра), Klyachko, Tatiana (Клячко, Татьяна) et al.  Education and economic growth
20    6 5/0/1/0/0       Vedev, Alexey (Ведев, Алексей), Drobyshevskiy, Sergei (Дробышевский, Сергей) et al. (2014) Actual problems of the banking system in the Russian Federation
21    3 3/0/0/0/0       Balandina, Galina V. (Баландина, Галина), Ponomarev, Yuriy Yu. (Пономарев, Юрий) et al. (2018) Customs Administration in Russia: Directions of Improvement
22    2 0/0/0/2/0       Klyachko, Tatiana, Sinelnikov-Murylev, Sergei Germanovich  On New Trends and Issues in the Reform of the Financing System of Universities
23    2 0/0/0/2/0       Tatiana Klyachko, Sergey Sinelnikov-Murylev  О Новых Тенденциях и Проблемах в Реформировании Системы Финансирования Вузов (On New Trends and Issues in the Reform of the Financing System of Universities)
24    2 1/1/0/0/0       Sergey Drobyshevsky, Sergey Sinelnikov-Murylev  Macroeconomic Preconditions of the Realization of a New Growth Model

Кросс-распределение «5 фрагментов» - «со-цитируемые авторы»
1  'IMF' co-cited in fragments 5/3/3/0/0 (11)
   1  'Bank': in fragment 2 repeats: 1, in fragment 3 repeats: 2
   2  'World': in fragment 2 repeats: 1, in fragment 3 repeats: 2
   3  'Brixi': in fragment 2 repeats: 2
   4  'Clements': in fragment 1 repeats: 2
   5  'Coady': in fragment 1 repeats: 2
   6  'Gupta': in fragment 1 repeats: 2
   7  'Maisonneuve': in fragment 1 repeats: 2
   8  'Martins': in fragment 1 repeats: 2
   9  'OECD': in fragment 1 repeats: 2
   10 'Schick': in fragment 2 repeats: 2
   11 'Tanzi': in fragment 3 repeats: 2
   12 'Zee': in fragment 3 repeats: 2
   13 'Blankenau': in fragment 1 repeats: 1
   14 'Commission': in fragment 1 repeats: 1
   15 'European': in fragment 1 repeats: 1
   16 'Islam': in fragment 3 repeats: 1
   17 'Mankiw': in fragment 3 repeats: 1
   18 'Romer': in fragment 3 repeats: 1
   19 'Simpson': in fragment 1 repeats: 1
   20 'Weil': in fragment 3 repeats: 1
   21 'Young': in fragment 3 repeats: 1
2  'Auerbach' co-cited in fragments 0/2/4/0/0 (6)
   1  'Gale': in fragment 2 repeats: 2, in fragment 3 repeats: 4
   2  'Orszag': in fragment 2 repeats: 2, in fragment 3 repeats: 4
   3  'Burns': in fragment 2 repeats: 2
   4  'Evans': in fragment 2 repeats: 2
   5  'Gokhale': in fragment 2 repeats: 2
   6  'Green': in fragment 2 repeats: 2
   7  'Hoeller': in fragment 3 repeats: 2
   8  'Kotlikoff': in fragment 2 repeats: 2
   9  'Merola': in fragment 3 repeats: 2
   10 'Phillips': in fragment 2 repeats: 2
   11 'Raffelhuschen': in fragment 2 repeats: 2
   12 'Smetters': in fragment 2 repeats: 2
   13 'Sutherland': in fragment 3 repeats: 2
3  'Gale' co-cited in fragments 0/2/4/0/0 (6)
   1  'Auerbach': in fragment 2 repeats: 2, in fragment 3 repeats: 4
   2  'Orszag': in fragment 2 repeats: 2, in fragment 3 repeats: 4
   3  'Burns': in fragment 2 repeats: 2
   4  'Evans': in fragment 2 repeats: 2
   5  'Gokhale': in fragment 2 repeats: 2
   6  'Green': in fragment 2 repeats: 2
   7  'Hoeller': in fragment 3 repeats: 2
   8  'Kotlikoff': in fragment 2 repeats: 2
   9  'Merola': in fragment 3 repeats: 2
   10 'Phillips': in fragment 2 repeats: 2
   11 'Raffelhuschen': in fragment 2 repeats: 2
   12 'Smetters': in fragment 2 repeats: 2
   13 'Sutherland': in fragment 3 repeats: 2
4  'Orszag' co-cited in fragments 0/2/4/0/0 (6)
   1  'Auerbach': in fragment 2 repeats: 2, in fragment 3 repeats: 4
   2  'Gale': in fragment 2 repeats: 2, in fragment 3 repeats: 4
   3  'Burns': in fragment 2 repeats: 2
   4  'Evans': in fragment 2 repeats: 2
   5  'Gokhale': in fragment 2 repeats: 2
   6  'Green': in fragment 2 repeats: 2
   7  'Hoeller': in fragment 3 repeats: 2
   8  'Kotlikoff': in fragment 2 repeats: 2
   9  'Merola': in fragment 3 repeats: 2
   10 'Phillips': in fragment 2 repeats: 2
   11 'Raffelhuschen': in fragment 2 repeats: 2
   12 'Smetters': in fragment 2 repeats: 2
   13 'Sutherland': in fragment 3 repeats: 2
5  'Идрисов' co-cited in fragments 2/0/0/4/0 (6)
   1  'Mehlum': in fragment 4 repeats: 2
   2  'Moene': in fragment 4 repeats: 2
   3  'Robinson': in fragment 4 repeats: 2
   4  'Ross': in fragment 4 repeats: 2
   5  'Torvik': in fragment 4 repeats: 2
   6  'Verdier': in fragment 4 repeats: 2
   7  'Волчкова': in fragment 4 repeats: 2
   8  'Гуриев': in fragment 4 repeats: 2
   9  'Егоров': in fragment 4 repeats: 2
   10 'Казакова': in fragment 4 repeats: 2
   11 'Кнобель': in fragment 4 repeats: 2
   12 'Полбин': in fragment 4 repeats: 2
   13 'Полтерович': in fragment 4 repeats: 2
   14 'Попов': in fragment 4 repeats: 2
   15 'Синельников-Мурылев': in fragment 1 repeats: 2
   16 'Сонин': in fragment 4 repeats: 2
   17 'Суслова': in fragment 4 repeats: 2
   18 'Тонис': in fragment 4 repeats: 2
   19 'Knetter': in fragment 4 repeats: 1
   20 'Каукин': in fragment 4 repeats: 1
   21 'Пономарев': in fragment 4 repeats: 1
   22 'Трунин': in fragment 4 repeats: 1
6  'Bank' co-cited in fragments 1/1/2/0/0 (4)
   1  'World': in fragment 1 repeats: 1, in fragment 2 repeats: 1, in fragment 3 repeats: 2
   2  'IMF': in fragment 2 repeats: 1, in fragment 3 repeats: 2
   3  'Tanzi': in fragment 3 repeats: 2
   4  'Zee': in fragment 3 repeats: 2
   5  'Arrow': in fragment 1 repeats: 1
   6  'Dasgupta': in fragment 1 repeats: 1
   7  'Fitoussi': in fragment 1 repeats: 1
   8  'Goulder': in fragment 1 repeats: 1
   9  'Mumford': in fragment 1 repeats: 1
   10 'Oleson': in fragment 1 repeats: 1
   11 'Sen': in fragment 1 repeats: 1
   12 'Stiglitz': in fragment 1 repeats: 1
7  'Blanchard' co-cited in fragments 0/3/0/1/0 (4)
   1  'Horne': in fragment 2 repeats: 2
   2  'Monacelli': in fragment 2 repeats: 1, in fragment 4 repeats: 1
   3  'Perotti': in fragment 2 repeats: 1, in fragment 4 repeats: 1
8  'Burnside' co-cited in fragments 0/4/0/0/0 (4)
   1  'Celasun': in fragment 2 repeats: 2
   2  'Chalk': in fragment 2 repeats: 2
   3  'Debrun': in fragment 2 repeats: 2
   4  'Giammarioli': in fragment 2 repeats: 2
   5  'Hemming': in fragment 2 repeats: 2
   6  'Nickel': in fragment 2 repeats: 2
   7  'Ostry': in fragment 2 repeats: 2
   8  'Ph': in fragment 2 repeats: 2
   9  'Rother': in fragment 2 repeats: 2
   10 'Samake': in fragment 2 repeats: 2
   11 'Tanner': in fragment 2 repeats: 2
   12 'Vidal': in fragment 2 repeats: 2
9  'Oates' co-cited in fragments 0/4/0/0/0 (4)
   1  'Musgrave': in fragment 2 repeats: 2
   2  'Tiebout': in fragment 2 repeats: 2
   3  'Fjeldstad': in fragment 2 repeats: 1
10 'Reinhart' co-cited in fragments 2/0/2/0/0 (4)
   1  'Kumar': in fragment 1 repeats: 2
   2  'Rogoff': in fragment 1 repeats: 2
   3  'Woo': in fragment 1 repeats: 2
   4  'Calvo': in fragment 3 repeats: 1
   5  'Chamon': in fragment 3 repeats: 1
   6  'Edison': in fragment 3 repeats: 1
   7  'Garcia': in fragment 3 repeats: 1
   8  'Izquierdo': in fragment 3 repeats: 1
   9  'Mejia': in fragment 3 repeats: 1
11 'Rother' co-cited in fragments 2/2/0/0/0 (4)
   1  'Baum': in fragment 1 repeats: 2
   2  'Burnside': in fragment 2 repeats: 2
   3  'Cecchetti': in fragment 1 repeats: 2
   4  'Chalk': in fragment 2 repeats: 2
   5  'Checherita-Westphal': in fragment 1 repeats: 2
   6  'Giammarioli': in fragment 2 repeats: 2
   7  'Hemming': in fragment 2 repeats: 2
   8  'Mohanty': in fragment 1 repeats: 2
   9  'Nickel': in fragment 2 repeats: 2
   10 'Ph': in fragment 2 repeats: 2
   11 'Vidal': in fragment 2 repeats: 2
   12 'Zampolli': in fragment 1 repeats: 2
12 'World' co-cited in fragments 1/1/2/0/0 (4)
   1  'Bank': in fragment 1 repeats: 1, in fragment 2 repeats: 1, in fragment 3 repeats: 2
   2  'IMF': in fragment 2 repeats: 1, in fragment 3 repeats: 2
   3  'Tanzi': in fragment 3 repeats: 2
   4  'Zee': in fragment 3 repeats: 2
   5  'Arrow': in fragment 1 repeats: 1
   6  'Dasgupta': in fragment 1 repeats: 1
   7  'Fitoussi': in fragment 1 repeats: 1
   8  'Goulder': in fragment 1 repeats: 1
   9  'Mumford': in fragment 1 repeats: 1
   10 'Oleson': in fragment 1 repeats: 1
   11 'Sen': in fragment 1 repeats: 1
   12 'Stiglitz': in fragment 1 repeats: 1
13 'Calvo' co-cited in fragments 1/1/1/0/0 (3)
   1  'Dornbusch': in fragment 1 repeats: 1, in fragment 2 repeats: 1
   2  'Ahrend': in fragment 2 repeats: 1
   3  'Chang': in fragment 2 repeats: 1
   4  'Eichengreen': in fragment 2 repeats: 1
   5  'Goujard': in fragment 2 repeats: 1
   6  'Hausmann': in fragment 2 repeats: 1
   7  'Izquierdo': in fragment 3 repeats: 1
   8  'Mejia': in fragment 3 repeats: 1
   9  'Mendoza': in fragment 2 repeats: 1
   10 'Panizza': in fragment 2 repeats: 1
   11 'Radelet': in fragment 2 repeats: 1
   12 'Reinhart': in fragment 3 repeats: 1
   13 'Sachs': in fragment 2 repeats: 1
   14 'Schwellnus': in fragment 2 repeats: 1
   15 'Velasco': in fragment 2 repeats: 1
14 'Dornbusch' co-cited in fragments 1/2/0/0/0 (3)
   1  'Calvo': in fragment 1 repeats: 1, in fragment 2 repeats: 1
   2  'Ahrend': in fragment 2 repeats: 1
   3  'Chang': in fragment 2 repeats: 1
   4  'Eichengreen': in fragment 2 repeats: 1
   5  'Fischer': in fragment 2 repeats: 1
   6  'Goujard': in fragment 2 repeats: 1
   7  'Hausmann': in fragment 2 repeats: 1
   8  'Mendoza': in fragment 2 repeats: 1
   9  'Panizza': in fragment 2 repeats: 1
   10 'Radelet': in fragment 2 repeats: 1
   11 'Sachs': in fragment 2 repeats: 1
   12 'Schwellnus': in fragment 2 repeats: 1
   13 'Velasco': in fragment 2 repeats: 1
15 'Eichengreen' co-cited in fragments 1/2/0/0/0 (3)
   1  'Ahrend': in fragment 2 repeats: 1
   2  'Arteta': in fragment 1 repeats: 1
   3  'Calvo': in fragment 2 repeats: 1
   4  'Chanda': in fragment 1 repeats: 1
   5  'Chang': in fragment 2 repeats: 1
   6  'Chinn': in fragment 1 repeats: 1
   7  'Dornbusch': in fragment 2 repeats: 1
   8  'Edwards': in fragment 1 repeats: 1
   9  'Goujard': in fragment 2 repeats: 1
   10 'Hausmann': in fragment 2 repeats: 1
   11 'Ito': in fragment 1 repeats: 1
   12 'Kraay': in fragment 1 repeats: 1
   13 'Mendoza': in fragment 2 repeats: 1
   14 'Neely': in fragment 2 repeats: 1
   15 'Obstfeld': in fragment 2 repeats: 1
   16 'Panizza': in fragment 2 repeats: 1
   17 'Radelet': in fragment 2 repeats: 1
   18 'Rose': in fragment 2 repeats: 1
   19 'Sachs': in fragment 2 repeats: 1
   20 'Schwellnus': in fragment 2 repeats: 1
   21 'Stiglitz': in fragment 2 repeats: 1
   22 'Velasco': in fragment 2 repeats: 1
   23 'Wyplosz': in fragment 1 repeats: 1
16 'Garcia' co-cited in fragments 0/0/3/0/0 (3)
   1  'Cardoso': in fragment 3 repeats: 2
   2  'Goldfajn': in fragment 3 repeats: 2
   3  'Valpassos': in fragment 3 repeats: 2
   4  'Chamon': in fragment 3 repeats: 1
   5  'Edison': in fragment 3 repeats: 1
   6  'Reinhart': in fragment 3 repeats: 1
17 'Guonan' co-cited in fragments 0/0/3/0/0 (3)
   1  'Jadhav': in fragment 3 repeats: 3
   2  'McCauley': in fragment 3 repeats: 3
   3  'Hutchison': in fragment 3 repeats: 2
   4  'Kendall': in fragment 3 repeats: 2
   5  'Pasricha': in fragment 3 repeats: 2
   6  'Singh': in fragment 3 repeats: 2
18 'Jadhav' co-cited in fragments 0/0/3/0/0 (3)
   1  'Guonan': in fragment 3 repeats: 3
   2  'McCauley': in fragment 3 repeats: 3
   3  'Hutchison': in fragment 3 repeats: 2
   4  'Kendall': in fragment 3 repeats: 2
   5  'Pasricha': in fragment 3 repeats: 2
   6  'Singh': in fragment 3 repeats: 2
19 'Johnson' co-cited in fragments 3/0/0/0/0 (3)
   1  'Durlauf': in fragment 1 repeats: 2
   2  'Mokyr': in fragment 1 repeats: 2
   3  'Rodrik': in fragment 1 repeats: 2
   4  'Temple': in fragment 1 repeats: 2
   5  'Acemoglu': in fragment 1 repeats: 1
   6  'Kazakova': in fragment 1 repeats: 1
   7  'Mauro': in fragment 1 repeats: 1
   8  'Robinson': in fragment 1 repeats: 1
   9  'Sinelnikov-Murylev': in fragment 1 repeats: 1
20 'Klein' co-cited in fragments 2/0/0/1/0 (3)
   1  'Hicks': in fragment 1 repeats: 1, in fragment 4 repeats: 1
   2  'Keynes': in fragment 1 repeats: 1, in fragment 4 repeats: 1
   3  'Samuelson': in fragment 1 repeats: 1, in fragment 4 repeats: 1
   4  'Levine': in fragment 1 repeats: 1
   5  'Lucas': in fragment 4 repeats: 1
   6  'Olivei': in fragment 1 repeats: 1
   7  'Sargent': in fragment 4 repeats: 1
   8  'Zervos': in fragment 1 repeats: 1
21 'McCauley' co-cited in fragments 0/0/3/0/0 (3)
   1  'Guonan': in fragment 3 repeats: 3
   2  'Jadhav': in fragment 3 repeats: 3
   3  'Hutchison': in fragment 3 repeats: 2
   4  'Kendall': in fragment 3 repeats: 2
   5  'Pasricha': in fragment 3 repeats: 2
   6  'Singh': in fragment 3 repeats: 2
22 'Mehlum' co-cited in fragments 0/1/0/2/0 (3)
   1  'Moene': in fragment 2 repeats: 1, in fragment 4 repeats: 2
   2  'Torvik': in fragment 2 repeats: 1, in fragment 4 repeats: 2
   3  'Robinson': in fragment 4 repeats: 2
   4  'Ross': in fragment 4 repeats: 2
   5  'Verdier': in fragment 4 repeats: 2
   6  'Волчкова': in fragment 4 repeats: 2
   7  'Гуриев': in fragment 4 repeats: 2
   8  'Егоров': in fragment 4 repeats: 2
   9  'Идрисов': in fragment 4 repeats: 2
   10 'Казакова': in fragment 4 repeats: 2
   11 'Кнобель': in fragment 4 repeats: 2
   12 'Полбин': in fragment 4 repeats: 2
   13 'Полтерович': in fragment 4 repeats: 2
   14 'Попов': in fragment 4 repeats: 2
   15 'Сонин': in fragment 4 repeats: 2
   16 'Суслова': in fragment 4 repeats: 2
   17 'Тонис': in fragment 4 repeats: 2
   18 'Gylfason': in fragment 2 repeats: 1
   19 'Treisman': in fragment 2 repeats: 1
23 'Moene' co-cited in fragments 0/1/0/2/0 (3)
   1  'Mehlum': in fragment 2 repeats: 1, in fragment 4 repeats: 2
   2  'Torvik': in fragment 2 repeats: 1, in fragment 4 repeats: 2
   3  'Robinson': in fragment 4 repeats: 2
   4  'Ross': in fragment 4 repeats: 2
   5  'Verdier': in fragment 4 repeats: 2
   6  'Волчкова': in fragment 4 repeats: 2
   7  'Гуриев': in fragment 4 repeats: 2
   8  'Егоров': in fragment 4 repeats: 2
   9  'Идрисов': in fragment 4 repeats: 2
   10 'Казакова': in fragment 4 repeats: 2
   11 'Кнобель': in fragment 4 repeats: 2
   12 'Полбин': in fragment 4 repeats: 2
   13 'Полтерович': in fragment 4 repeats: 2
   14 'Попов': in fragment 4 repeats: 2
   15 'Сонин': in fragment 4 repeats: 2
   16 'Суслова': in fragment 4 repeats: 2
   17 'Тонис': in fragment 4 repeats: 2
   18 'Gylfason': in fragment 2 repeats: 1
   19 'Treisman': in fragment 2 repeats: 1
24 'Ostry' co-cited in fragments 0/3/0/0/0 (3)
   1  'Burnside': in fragment 2 repeats: 2
   2  'Celasun': in fragment 2 repeats: 2
   3  'Debrun': in fragment 2 repeats: 2
   4  'Samake': in fragment 2 repeats: 2
   5  'Tanner': in fragment 2 repeats: 2
   6  'Chamon': in fragment 2 repeats: 1
   7  'Ghosh': in fragment 2 repeats: 1
   8  'Habermeier': in fragment 2 repeats: 1
   9  'Qureshi': in fragment 2 repeats: 1
   10 'Reinhardt': in fragment 2 repeats: 1
25 'Perotti' co-cited in fragments 0/1/1/1/0 (3)
   1  'Blanchard': in fragment 2 repeats: 1, in fragment 4 repeats: 1
   2  'Monacelli': in fragment 2 repeats: 1, in fragment 4 repeats: 1
   3  'Alesina': in fragment 3 repeats: 1
   4  'Ardagna': in fragment 3 repeats: 1
   5  'Feldstein': in fragment 3 repeats: 1
   6  'Schiantarelli': in fragment 3 repeats: 1
   7  'Tanzi': in fragment 3 repeats: 1
   8  'Zee': in fragment 3 repeats: 1
26 'Robinson' co-cited in fragments 1/0/0/2/0 (3)
   1  'Mehlum': in fragment 4 repeats: 2
   2  'Moene': in fragment 4 repeats: 2
   3  'Ross': in fragment 4 repeats: 2
   4  'Torvik': in fragment 4 repeats: 2
   5  'Verdier': in fragment 4 repeats: 2
   6  'Волчкова': in fragment 4 repeats: 2
   7  'Гуриев': in fragment 4 repeats: 2
   8  'Егоров': in fragment 4 repeats: 2
   9  'Идрисов': in fragment 4 repeats: 2
   10 'Казакова': in fragment 4 repeats: 2
   11 'Кнобель': in fragment 4 repeats: 2
   12 'Полбин': in fragment 4 repeats: 2
   13 'Полтерович': in fragment 4 repeats: 2
   14 'Попов': in fragment 4 repeats: 2
   15 'Сонин': in fragment 4 repeats: 2
   16 'Суслова': in fragment 4 repeats: 2
   17 'Тонис': in fragment 4 repeats: 2
   18 'Acemoglu': in fragment 1 repeats: 1
   19 'Johnson': in fragment 1 repeats: 1
   20 'Mauro': in fragment 1 repeats: 1
27 'Rodrik' co-cited in fragments 3/0/0/0/0 (3)
   1  'Durlauf': in fragment 1 repeats: 2
   2  'Johnson': in fragment 1 repeats: 2
   3  'Mokyr': in fragment 1 repeats: 2
   4  'Temple': in fragment 1 repeats: 2
   5  'Kazakova': in fragment 1 repeats: 1
   6  'Obstfeld': in fragment 1 repeats: 1
   7  'Sinelnikov-Murylev': in fragment 1 repeats: 1
   8  'Taylor': in fragment 1 repeats: 1
28 'Rogoff' co-cited in fragments 3/0/0/0/0 (3)
   1  'Kumar': in fragment 1 repeats: 2
   2  'Reinhart': in fragment 1 repeats: 2
   3  'Woo': in fragment 1 repeats: 2
   4  'Alfaro': in fragment 1 repeats: 1
   5  'Gertler': in fragment 1 repeats: 1
   6  'Kalemli-Ozcan': in fragment 1 repeats: 1
   7  'Tornell': in fragment 1 repeats: 1
   8  'Velasco': in fragment 1 repeats: 1
   9  'Volosovych': in fragment 1 repeats: 1
29 'Sinelnikov-Murylev' co-cited in fragments 1/0/1/1/0 (3)
   1  'Drobyshevsky': in fragment 3 repeats: 1, in fragment 4 repeats: 1
   2  'Arkhipov': in fragment 3 repeats: 1
   3  'Batkibekov': in fragment 3 repeats: 1
   4  'Durlauf': in fragment 1 repeats: 1
   5  'Johnson': in fragment 1 repeats: 1
   6  'Kadochnikov': in fragment 3 repeats: 1
   7  'Kazakova': in fragment 1 repeats: 1
   8  'Knobel': in fragment 4 repeats: 1
   9  'Malinina': in fragment 3 repeats: 1
   10 'Mokyr': in fragment 1 repeats: 1
   11 'Rodrik': in fragment 1 repeats: 1
   12 'Sokolov': in fragment 4 repeats: 1
   13 'Temple': in fragment 1 repeats: 1
   14 'Trunin': in fragment 3 repeats: 1
30 'Tanzi' co-cited in fragments 0/0/3/0/0 (3)
   1  'Zee': in fragment 3 repeats: 3
   2  'Bank': in fragment 3 repeats: 2
   3  'IMF': in fragment 3 repeats: 2
   4  'World': in fragment 3 repeats: 2
   5  'Alesina': in fragment 3 repeats: 1
   6  'Ardagna': in fragment 3 repeats: 1
   7  'Feldstein': in fragment 3 repeats: 1
   8  'Perotti': in fragment 3 repeats: 1
   9  'Schiantarelli': in fragment 3 repeats: 1
31 'Torvik' co-cited in fragments 0/1/0/2/0 (3)
   1  'Mehlum': in fragment 2 repeats: 1, in fragment 4 repeats: 2
   2  'Moene': in fragment 2 repeats: 1, in fragment 4 repeats: 2
   3  'Robinson': in fragment 4 repeats: 2
   4  'Ross': in fragment 4 repeats: 2
   5  'Verdier': in fragment 4 repeats: 2
   6  'Волчкова': in fragment 4 repeats: 2
   7  'Гуриев': in fragment 4 repeats: 2
   8  'Егоров': in fragment 4 repeats: 2
   9  'Идрисов': in fragment 4 repeats: 2
   10 'Казакова': in fragment 4 repeats: 2
   11 'Кнобель': in fragment 4 repeats: 2
   12 'Полбин': in fragment 4 repeats: 2
   13 'Полтерович': in fragment 4 repeats: 2
   14 'Попов': in fragment 4 repeats: 2
   15 'Сонин': in fragment 4 repeats: 2
   16 'Суслова': in fragment 4 repeats: 2
   17 'Тонис': in fragment 4 repeats: 2
   18 'Gylfason': in fragment 2 repeats: 1
   19 'Treisman': in fragment 2 repeats: 1
32 'Zee' co-cited in fragments 0/0/3/0/0 (3)
   1  'Tanzi': in fragment 3 repeats: 3
   2  'Bank': in fragment 3 repeats: 2
   3  'IMF': in fragment 3 repeats: 2
   4  'World': in fragment 3 repeats: 2
   5  'Alesina': in fragment 3 repeats: 1
   6  'Ardagna': in fragment 3 repeats: 1
   7  'Feldstein': in fragment 3 repeats: 1
   8  'Perotti': in fragment 3 repeats: 1
   9  'Schiantarelli': in fragment 3 repeats: 1
33 'Aizenman' co-cited in fragments 0/2/0/0/0 (2)
   1  'Jinjarak': in fragment 2 repeats: 2
   2  'McCarten': in fragment 2 repeats: 2
   3  'Sandmo': in fragment 2 repeats: 2
   4  'Yitzhaki': in fragment 2 repeats: 2
34 'Alesina' co-cited in fragments 0/1/1/0/0 (2)
   1  'Ardagna': in fragment 3 repeats: 1
   2  'Bartolini': in fragment 2 repeats: 1
   3  'Drazen': in fragment 2 repeats: 1
   4  'Feldstein': in fragment 3 repeats: 1
   5  'Grilli': in fragment 2 repeats: 1
   6  'Milesi-Ferrett': in fragment 2 repeats: 1
   7  'Milesi-Ferretti': in fragment 2 repeats: 1
   8  'Perotti': in fragment 3 repeats: 1
   9  'Schiantarelli': in fragment 3 repeats: 1
   10 'Tanzi': in fragment 3 repeats: 1
   11 'Zee': in fragment 3 repeats: 1
35 'Barro' co-cited in fragments 0/0/2/0/0 (2)
   1  'Aschauer': in fragment 3 repeats: 1
   2  'Futagami': in fragment 3 repeats: 1
   3  'Morita': in fragment 3 repeats: 1
   4  'Shibata': in fragment 3 repeats: 1
36 'Baum' co-cited in fragments 2/0/0/0/0 (2)
   1  'Cecchetti': in fragment 1 repeats: 2
   2  'Checherita-Westphal': in fragment 1 repeats: 2
   3  'Mohanty': in fragment 1 repeats: 2
   4  'Rother': in fragment 1 repeats: 2
   5  'Zampolli': in fragment 1 repeats: 2
37 'Bleaney' co-cited in fragments 1/1/0/0/0 (2)
   1  'Greenaway': in fragment 1 repeats: 1, in fragment 2 repeats: 1
   2  'Bernstein': in fragment 1 repeats: 1
   3  'Mendoza': in fragment 2 repeats: 1
38 'Brixi' co-cited in fragments 0/2/0/0/0 (2)
   1  'IMF': in fragment 2 repeats: 2
   2  'Schick': in fragment 2 repeats: 2
39 'Burns' co-cited in fragments 0/2/0/0/0 (2)
   1  'Auerbach': in fragment 2 repeats: 2
   2  'Evans': in fragment 2 repeats: 2
   3  'Gale': in fragment 2 repeats: 2
   4  'Gokhale': in fragment 2 repeats: 2
   5  'Green': in fragment 2 repeats: 2
   6  'Kotlikoff': in fragment 2 repeats: 2
   7  'Orszag': in fragment 2 repeats: 2
   8  'Phillips': in fragment 2 repeats: 2
   9  'Raffelhuschen': in fragment 2 repeats: 2
   10 'Smetters': in fragment 2 repeats: 2
40 'Cardoso' co-cited in fragments 0/0/2/0/0 (2)
   1  'Garcia': in fragment 3 repeats: 2
   2  'Goldfajn': in fragment 3 repeats: 2
   3  'Valpassos': in fragment 3 repeats: 2
41 'Cecchetti' co-cited in fragments 2/0/0/0/0 (2)
   1  'Baum': in fragment 1 repeats: 2
   2  'Checherita-Westphal': in fragment 1 repeats: 2
   3  'Mohanty': in fragment 1 repeats: 2
   4  'Rother': in fragment 1 repeats: 2
   5  'Zampolli': in fragment 1 repeats: 2
42 'Celasun' co-cited in fragments 0/2/0/0/0 (2)
   1  'Burnside': in fragment 2 repeats: 2
   2  'Debrun': in fragment 2 repeats: 2
   3  'Ostry': in fragment 2 repeats: 2
   4  'Samake': in fragment 2 repeats: 2
   5  'Tanner': in fragment 2 repeats: 2
43 'Chalk' co-cited in fragments 0/2/0/0/0 (2)
   1  'Burnside': in fragment 2 repeats: 2
   2  'Giammarioli': in fragment 2 repeats: 2
   3  'Hemming': in fragment 2 repeats: 2
   4  'Nickel': in fragment 2 repeats: 2
   5  'Ph': in fragment 2 repeats: 2
   6  'Rother': in fragment 2 repeats: 2
   7  'Vidal': in fragment 2 repeats: 2
44 'Chamon' co-cited in fragments 0/1/1/0/0 (2)
   1  'Edison': in fragment 3 repeats: 1
   2  'Garcia': in fragment 3 repeats: 1
   3  'Ghosh': in fragment 2 repeats: 1
   4  'Habermeier': in fragment 2 repeats: 1
   5  'Ostry': in fragment 2 repeats: 1
   6  'Qureshi': in fragment 2 repeats: 1
   7  'Reinhardt': in fragment 2 repeats: 1
   8  'Reinhart': in fragment 3 repeats: 1
45 'Checherita-Westphal' co-cited in fragments 2/0/0/0/0 (2)
   1  'Baum': in fragment 1 repeats: 2
   2  'Cecchetti': in fragment 1 repeats: 2
   3  'Mohanty': in fragment 1 repeats: 2
   4  'Rother': in fragment 1 repeats: 2
   5  'Zampolli': in fragment 1 repeats: 2
46 'Clements' co-cited in fragments 2/0/0/0/0 (2)
   1  'Coady': in fragment 1 repeats: 2
   2  'Gupta': in fragment 1 repeats: 2
   3  'IMF': in fragment 1 repeats: 2
   4  'Maisonneuve': in fragment 1 repeats: 2
   5  'Martins': in fragment 1 repeats: 2
47 'Coady' co-cited in fragments 2/0/0/0/0 (2)
   1  'Clements': in fragment 1 repeats: 2
   2  'Gupta': in fragment 1 repeats: 2
   3  'IMF': in fragment 1 repeats: 2
   4  'Maisonneuve': in fragment 1 repeats: 2
   5  'Martins': in fragment 1 repeats: 2
48 'Crespo' co-cited in fragments 0/1/1/0/0 (2)
   1  'Fontoura': in fragment 2 repeats: 1, in fragment 3 repeats: 1
   2  'Lichtenberg': in fragment 3 repeats: 1
   3  'Mello': in fragment 2 repeats: 1
   4  'Potterie': in fragment 3 repeats: 1
49 'Debrun' co-cited in fragments 0/2/0/0/0 (2)
   1  'Burnside': in fragment 2 repeats: 2
   2  'Celasun': in fragment 2 repeats: 2
   3  'Ostry': in fragment 2 repeats: 2
   4  'Samake': in fragment 2 repeats: 2
   5  'Tanner': in fragment 2 repeats: 2
50 'Drobyshevsky' co-cited in fragments 0/0/1/1/0 (2)
   1  'Sinelnikov-Murylev': in fragment 3 repeats: 1, in fragment 4 repeats: 1
   2  'Arkhipov': in fragment 3 repeats: 1
   3  'Batkibekov': in fragment 3 repeats: 1
   4  'Kadochnikov': in fragment 3 repeats: 1
   5  'Knobel': in fragment 4 repeats: 1
   6  'Malinina': in fragment 3 repeats: 1
   7  'Sokolov': in fragment 4 repeats: 1
   8  'Trunin': in fragment 3 repeats: 1

Кросс-распределение «5 фрагментов» - «фразы из контекстов цитирований»
1   'экономический рост' 69/25/13/7/25 (139)
   1   'темп рост': 9/14/5/2/10 (40)
   2   'производственный функция': 4/12/0/4/0 (20)
   3   'уровень цена': 0/0/1/2/4 (7)
   4   'потенциальный ввп': 0/2/0/4/0 (6)
2   'потенциальный ввп' 16/69/6/24/2 (117)
   1   'разрыв выпуск': 5/16/0/2/4 (27)
   2   'производственный функция': 0/16/0/8/0 (24)
   3   'темп рост': 0/2/0/0/2 (4)
   4   'экономический рост': 0/1/0/2/0 (3)
3   'уровень цена' 78/11/6/4/14 (113)
   1   'единый цена': 17/13/1/0/0 (31)
   2   'темп рост': 4/0/2/4/6 (16)
   3   'экономический рост': 0/0/1/1/2 (4)
4   'разрыв выпуск' 5/44/18/6/8 (81)
   1   'потенциальный ввп': 5/29/0/4/2 (40)
   2   'производственный функция': 0/8/4/4/0 (16)
   3   'темп рост': 0/2/0/0/2 (4)
5   'темп рост' 22/18/7/11/20 (78)
   1   'экономический рост': 11/12/5/1/13 (42)
   2   'уровень цена': 5/0/2/4/8 (19)
   3   'потенциальный ввп': 0/6/0/0/2 (8)
   4   'разрыв выпуск': 0/4/0/0/4 (8)
   5   'производственный функция': 0/6/0/0/0 (6)
6   'public goods' 61/12/1/0/2 (76)
   1   'subnational authority': 3/5/0/0/0 (8)
   2   'budget constraint': 7/0/0/0/0 (7)
7   'производственный функция' 5/36/4/18/0 (63)
   1   'потенциальный ввп': 0/24/0/10/0 (34)
   2   'разрыв выпуск': 0/16/8/4/0 (28)
   3   'экономический рост': 4/11/0/2/0 (17)
   4   'темп рост': 0/6/0/0/0 (6)
8   'subnational authority' 13/42/7/0/0 (62)
   1   'budget constraint': 5/10/3/0/0 (18)
   2   'public goods': 5/7/0/0/0 (12)
9   'budget constraint' 23/32/3/0/0 (58)
   1   'subnational authority': 8/12/3/0/0 (23)
   2   'public goods': 12/0/0/0/0 (12)
10  'единый цена' 22/30/3/1/0 (56)
   1   'уровень цена': 27/8/1/0/0 (36)

Кросс-распределение «5 фрагментов» - «топики контекстов цитирований»
1  'public, government, expenditure, region, goods' 65/64/24/9/6 (168)
   1  'expenditure, see, рост, government, federal': 12/6/7/1/0 (26)
   2  'see, оценка, subnational, разрыв, authority': 10/8/1/0/0 (19)
   3  'цена, уровень, товар, единый, закон': 6/6/2/2/1 (17)
   4  'government, expenditure, рост, fiscal, капитал': 1/11/2/1/0 (15)
   5  'see, tax, federal, expenditure, government': 8/4/2/1/0 (15)
   6  'бюджетный, оценка, страна, работа, expenditure': 6/5/2/0/1 (14)
   7  'уровень, цена, see, выпуск, authority': 6/3/4/0/0 (13)
   8  'economic, growth, rate, tax, see': 5/4/1/0/0 (10)
   9  'использовать, потенциальный, ввп, компонент, оценка': 3/0/3/0/2 (8)
   10 'рост, показатель, капитал, экономический, уровень': 2/1/3/0/2 (8)
   11 'фильтр, оценка, ввп, рост, потенциальный': 1/2/2/2/1 (8)
   12 'see, работа, доход, результат, subnational': 2/4/1/0/0 (7)
   13 'ввп, разрыв, структурный, see, объем': 5/2/0/0/0 (7)
   14 'капитал, рост, страна, год, товар': 2/2/1/0/2 (7)
   15 'потенциальный, ввп, метод, ряд, цена': 5/1/1/0/0 (7)
   16 'работа, налоговый, налогообложение, данный, теория': 2/3/1/0/0 (6)
   17 'уровень, цена, экономический, товар, экономика': 4/0/2/0/0 (6)
   18 'цикл, see, модель, являться, работа': 2/1/0/3/0 (6)
   19 'бюджетный, государственный, бюджет, расход, рост': 2/0/2/0/0 (4)
2  'капитал, рост, страна, год, товар' 67/25/30/19/11 (152)
   1  'уровень, цена, экономический, товар, экономика': 13/5/3/5/3 (29)
   2  'фильтр, оценка, ввп, рост, потенциальный': 6/6/2/2/2 (18)
   3  'government, expenditure, рост, fiscal, капитал': 9/2/2/1/0 (14)
   4  'рост, показатель, капитал, экономический, уровень': 6/2/2/0/4 (14)
   5  'цена, уровень, товар, единый, закон': 4/3/2/5/0 (14)
   6  'использовать, потенциальный, ввп, компонент, оценка': 3/4/3/2/1 (13)
   7  'работа, налоговый, налогообложение, данный, теория': 7/1/2/2/0 (12)
   8  'expenditure, see, рост, government, federal': 3/2/1/1/4 (11)
   9  'бюджетный, государственный, бюджет, расход, рост': 2/0/4/5/0 (11)
   10 'economic, growth, rate, tax, see': 5/4/0/0/0 (9)
   11 'уровень, цена, see, выпуск, authority': 5/1/3/0/0 (9)
   12 'цикл, see, модель, являться, работа': 1/5/1/2/0 (9)
   13 'бюджетный, оценка, страна, работа, expenditure': 5/1/1/0/1 (8)
   14 'public, government, expenditure, region, goods': 2/2/1/0/2 (7)
   15 'see, работа, доход, результат, subnational': 4/0/1/0/1 (6)
   16 'ввп, разрыв, структурный, see, объем': 4/0/1/0/1 (6)
   17 'потенциальный, ввп, метод, ряд, цена': 1/0/3/2/0 (6)
   18 'see, оценка, subnational, разрыв, authority': 1/0/0/1/0 (2)
3  'фильтр, оценка, ввп, рост, потенциальный' 34/48/26/24/5 (137)
   1  'капитал, рост, страна, год, товар': 6/6/2/2/2 (18)
   2  'expenditure, see, рост, government, federal': 2/6/1/6/1 (16)
   3  'рост, показатель, капитал, экономический, уровень': 4/3/3/2/3 (15)
   4  'цикл, see, модель, являться, работа': 6/6/2/0/0 (14)
   5  'использовать, потенциальный, ввп, компонент, оценка': 2/0/7/4/0 (13)
   6  'уровень, цена, экономический, товар, экономика': 5/1/5/1/0 (12)
   7  'see, оценка, subnational, разрыв, authority': 1/2/5/2/0 (10)
   8  'бюджетный, оценка, страна, работа, expenditure': 2/5/1/1/1 (10)
   9  'government, expenditure, рост, fiscal, капитал': 4/1/0/4/0 (9)
   10 'цена, уровень, товар, единый, закон': 5/1/1/2/0 (9)
   11 'public, government, expenditure, region, goods': 1/2/2/2/1 (8)
   12 'ввп, разрыв, структурный, see, объем': 0/0/4/2/0 (6)
   13 'economic, growth, rate, tax, see': 1/1/1/1/1 (5)
   14 'see, работа, доход, результат, subnational': 1/4/0/0/0 (5)
   15 'работа, налоговый, налогообложение, данный, теория': 2/3/0/0/0 (5)
   16 'see, tax, federal, expenditure, government': 0/3/1/0/0 (4)
   17 'уровень, цена, see, выпуск, authority': 4/0/0/0/0 (4)
   18 'бюджетный, государственный, бюджет, расход, рост': 1/0/1/0/0 (2)
   19 'потенциальный, ввп, метод, ряд, цена': 0/2/0/0/0 (2)
4  'уровень, цена, экономический, товар, экономика' 78/16/12/6/13 (125)
   1  'капитал, рост, страна, год, товар': 13/5/3/5/3 (29)
   2  'цена, уровень, товар, единый, закон': 7/5/1/0/0 (13)
   3  'expenditure, see, рост, government, federal': 3/1/3/2/3 (12)
   4  'использовать, потенциальный, ввп, компонент, оценка': 2/3/6/0/1 (12)
   5  'фильтр, оценка, ввп, рост, потенциальный': 5/1/5/1/0 (12)
   6  'see, работа, доход, результат, subnational': 7/0/3/0/1 (11)
   7  'government, expenditure, рост, fiscal, капитал': 8/1/0/1/0 (10)
   8  'рост, показатель, капитал, экономический, уровень': 4/2/2/0/1 (9)
   9  'работа, налоговый, налогообложение, данный, теория': 7/0/1/0/0 (8)
   10 'уровень, цена, see, выпуск, authority': 6/0/2/0/0 (8)
   11 'бюджетный, государственный, бюджет, расход, рост': 3/2/1/1/0 (7)
   12 'public, government, expenditure, region, goods': 4/0/2/0/0 (6)
   13 'ввп, разрыв, структурный, see, объем': 0/2/0/0/3 (5)
   14 'economic, growth, rate, tax, see': 3/1/0/0/0 (4)
   15 'see, оценка, subnational, разрыв, authority': 4/0/0/0/0 (4)
   16 'цикл, see, модель, являться, работа': 3/1/0/0/0 (4)
   17 'бюджетный, оценка, страна, работа, expenditure': 2/0/0/0/0 (2)
   18 'потенциальный, ввп, метод, ряд, цена': 0/0/0/2/0 (2)
   19 'see, tax, federal, expenditure, government': 1/0/0/0/0 (1)
5  'expenditure, see, рост, government, federal' 28/36/33/11/7 (115)
   1  'public, government, expenditure, region, goods': 12/6/7/1/0 (26)
   2  'фильтр, оценка, ввп, рост, потенциальный': 2/6/1/6/1 (16)
   3  'уровень, цена, экономический, товар, экономика': 3/1/3/2/3 (12)
   4  'капитал, рост, страна, год, товар': 3/2/1/1/4 (11)
   5  'see, tax, federal, expenditure, government': 3/3/2/2/0 (10)
   6  'economic, growth, rate, tax, see': 2/4/3/0/0 (9)
   7  'government, expenditure, рост, fiscal, капитал': 1/3/4/1/0 (9)
   8  'see, оценка, subnational, разрыв, authority': 3/6/0/0/0 (9)
   9  'бюджетный, оценка, страна, работа, expenditure': 1/3/4/0/0 (8)
   10 'рост, показатель, капитал, экономический, уровень': 0/3/2/0/3 (8)
   11 'уровень, цена, see, выпуск, authority': 4/0/3/0/0 (7)
   12 'цикл, see, модель, являться, работа': 1/4/1/0/0 (6)
   13 'бюджетный, государственный, бюджет, расход, рост': 3/0/2/0/0 (5)
   14 'использовать, потенциальный, ввп, компонент, оценка': 1/1/1/0/1 (4)
   15 'цена, уровень, товар, единый, закон': 2/0/2/0/0 (4)
   16 'see, работа, доход, результат, subnational': 0/2/0/0/1 (3)
   17 'потенциальный, ввп, метод, ряд, цена': 0/0/1/0/0 (1)
6  'government, expenditure, рост, fiscal, капитал' 47/27/14/12/0 (100)
   1  'public, government, expenditure, region, goods': 1/11/2/1/0 (15)
   2  'капитал, рост, страна, год, товар': 9/2/2/1/0 (14)
   3  'уровень, цена, экономический, товар, экономика': 8/1/0/1/0 (10)
   4  'expenditure, see, рост, government, federal': 1/3/4/1/0 (9)
   5  'фильтр, оценка, ввп, рост, потенциальный': 4/1/0/4/0 (9)
   6  'цикл, see, модель, являться, работа': 5/0/1/1/0 (7)
   7  'see, оценка, subnational, разрыв, authority': 6/0/0/0/0 (6)
   8  'economic, growth, rate, tax, see': 0/3/2/0/0 (5)
   9  'рост, показатель, капитал, экономический, уровень': 2/1/0/2/0 (5)
   10 'see, tax, federal, expenditure, government': 1/1/1/1/0 (4)
   11 'бюджетный, государственный, бюджет, расход, рост': 1/1/1/1/0 (4)
   12 'использовать, потенциальный, ввп, компонент, оценка': 0/1/0/3/0 (4)
   13 'ввп, разрыв, структурный, see, объем': 1/0/0/2/0 (3)
   14 'работа, налоговый, налогообложение, данный, теория': 1/1/1/0/0 (3)
   15 'бюджетный, оценка, страна, работа, expenditure': 2/0/0/0/0 (2)
   16 'цена, уровень, товар, единый, закон': 0/0/1/1/0 (2)
   17 'потенциальный, ввп, метод, ряд, цена': 1/0/0/0/0 (1)
   18 'уровень, цена, see, выпуск, authority': 0/0/1/0/0 (1)
7  'see, оценка, subnational, разрыв, authority' 31/35/18/5/0 (89)
   1  'public, government, expenditure, region, goods': 10/8/1/0/0 (19)
   2  'фильтр, оценка, ввп, рост, потенциальный': 1/2/5/2/0 (10)
   3  'expenditure, see, рост, government, federal': 3/6/0/0/0 (9)
   4  'government, expenditure, рост, fiscal, капитал': 6/0/0/0/0 (6)
   5  'see, tax, federal, expenditure, government': 1/3/1/0/0 (5)
   6  'see, работа, доход, результат, subnational': 1/4/0/0/0 (5)
   7  'потенциальный, ввп, метод, ряд, цена': 1/4/0/0/0 (5)
   8  'цикл, see, модель, являться, работа': 2/3/0/0/0 (5)
   9  'уровень, цена, экономический, товар, экономика': 4/0/0/0/0 (4)
   10 'бюджетный, оценка, страна, работа, expenditure': 0/1/1/1/0 (3)
   11 'цена, уровень, товар, единый, закон': 1/1/1/0/0 (3)
   12 'ввп, разрыв, структурный, see, объем': 0/0/2/0/0 (2)
   13 'использовать, потенциальный, ввп, компонент, оценка': 1/0/1/0/0 (2)
   14 'капитал, рост, страна, год, товар': 1/0/0/1/0 (2)
   15 'работа, налоговый, налогообложение, данный, теория': 0/0/2/0/0 (2)
   16 'рост, показатель, капитал, экономический, уровень': 1/1/0/0/0 (2)
   17 'уровень, цена, see, выпуск, authority': 1/0/1/0/0 (2)
   18 'economic, growth, rate, tax, see': 0/1/0/0/0 (1)
8  'использовать, потенциальный, ввп, компонент, оценка' 18/19/33/12/6 (88)
   1  'капитал, рост, страна, год, товар': 3/4/3/2/1 (13)
   2  'фильтр, оценка, ввп, рост, потенциальный': 2/0/7/4/0 (13)
   3  'уровень, цена, экономический, товар, экономика': 2/3/6/0/1 (12)
   4  'public, government, expenditure, region, goods': 3/0/3/0/2 (8)
   5  'бюджетный, оценка, страна, работа, expenditure': 2/0/3/1/0 (6)
   6  'цена, уровень, товар, единый, закон': 0/3/1/2/0 (6)
   7  'economic, growth, rate, tax, see': 2/1/1/1/0 (5)
   8  'бюджетный, государственный, бюджет, расход, рост': 0/2/3/0/0 (5)
   9  'рост, показатель, капитал, экономический, уровень': 2/1/1/1/0 (5)
   10 'expenditure, see, рост, government, federal': 1/1/1/0/1 (4)
   11 'government, expenditure, рост, fiscal, капитал': 0/1/0/3/0 (4)
   12 'see, работа, доход, результат, subnational': 0/0/2/0/2 (4)
   13 'ввп, разрыв, структурный, see, объем': 2/0/0/1/0 (3)
   14 'работа, налоговый, налогообложение, данный, теория': 1/1/1/0/0 (3)
   15 'see, tax, federal, expenditure, government': 2/0/0/0/0 (2)
   16 'see, оценка, subnational, разрыв, authority': 1/0/1/0/0 (2)
   17 'цикл, see, модель, являться, работа': 0/1/0/0/0 (1)
9  'цена, уровень, товар, единый, закон' 33/29/10/9/3 (84)
   1  'public, government, expenditure, region, goods': 6/6/2/2/1 (17)
   2  'капитал, рост, страна, год, товар': 4/3/2/5/0 (14)
   3  'уровень, цена, экономический, товар, экономика': 7/5/1/0/0 (13)
   4  'фильтр, оценка, ввп, рост, потенциальный': 5/1/1/2/0 (9)
   5  'потенциальный, ввп, метод, ряд, цена': 5/3/0/0/0 (8)
   6  'использовать, потенциальный, ввп, компонент, оценка': 0/3/1/2/0 (6)
   7  'рост, показатель, капитал, экономический, уровень': 3/0/1/1/0 (5)
   8  'уровень, цена, see, выпуск, authority': 2/1/2/0/0 (5)
   9  'expenditure, see, рост, government, federal': 2/0/2/0/0 (4)
   10 'see, tax, federal, expenditure, government': 1/3/0/0/0 (4)
   11 'economic, growth, rate, tax, see': 1/1/1/0/0 (3)
   12 'see, оценка, subnational, разрыв, authority': 1/1/1/0/0 (3)
   13 'бюджетный, оценка, страна, работа, expenditure': 1/2/0/0/0 (3)
   14 'ввп, разрыв, структурный, see, объем': 1/2/0/0/0 (3)
   15 'цикл, see, модель, являться, работа': 1/1/0/1/0 (3)
   16 'government, expenditure, рост, fiscal, капитал': 0/0/1/1/0 (2)
   17 'see, работа, доход, результат, subnational': 1/0/0/0/0 (1)
   18 'бюджетный, государственный, бюджет, расход, рост': 0/1/0/0/0 (1)
10 'рост, показатель, капитал, экономический, уровень' 39/10/11/6/17 (83)
   1  'фильтр, оценка, ввп, рост, потенциальный': 4/3/3/2/3 (15)
   2  'капитал, рост, страна, год, товар': 6/2/2/0/4 (14)
   3  'уровень, цена, экономический, товар, экономика': 4/2/2/0/1 (9)
   4  'expenditure, see, рост, government, federal': 0/3/2/0/3 (8)
   5  'public, government, expenditure, region, goods': 2/1/3/0/2 (8)
   6  'бюджетный, оценка, страна, работа, expenditure': 4/0/0/0/3 (7)
   7  'see, работа, доход, результат, subnational': 3/0/0/2/1 (6)
   8  'government, expenditure, рост, fiscal, капитал': 2/1/0/2/0 (5)
   9  'использовать, потенциальный, ввп, компонент, оценка': 2/1/1/1/0 (5)
   10 'цена, уровень, товар, единый, закон': 3/0/1/1/0 (5)
   11 'цикл, see, модель, являться, работа': 0/4/0/0/1 (5)
   12 'потенциальный, ввп, метод, ряд, цена': 4/0/0/0/0 (4)
   13 'уровень, цена, see, выпуск, authority': 4/0/0/0/0 (4)
   14 'ввп, разрыв, структурный, see, объем': 1/0/0/2/0 (3)
   15 'see, tax, federal, expenditure, government': 0/0/2/0/0 (2)
   16 'see, оценка, subnational, разрыв, authority': 1/1/0/0/0 (2)
   17 'бюджетный, государственный, бюджет, расход, рост': 0/1/1/0/0 (2)
   18 'работа, налоговый, налогообложение, данный, теория': 1/1/0/0/0 (2)
   19 'economic, growth, rate, tax, see': 1/0/0/0/0 (1)
11 'economic, growth, rate, tax, see' 28/29/16/7/1 (81)
   1  'see, tax, federal, expenditure, government': 3/2/5/1/0 (11)
   2  'public, government, expenditure, region, goods': 5/4/1/0/0 (10)
   3  'expenditure, see, рост, government, federal': 2/4/3/0/0 (9)
   4  'капитал, рост, страна, год, товар': 5/4/0/0/0 (9)
   5  'ввп, разрыв, структурный, see, объем': 5/2/0/1/0 (8)
   6  'government, expenditure, рост, fiscal, капитал': 0/3/2/0/0 (5)
   7  'see, работа, доход, результат, subnational': 3/1/1/0/0 (5)
   8  'использовать, потенциальный, ввп, компонент, оценка': 2/1/1/1/0 (5)
   9  'потенциальный, ввп, метод, ряд, цена': 0/1/0/4/0 (5)
   10 'фильтр, оценка, ввп, рост, потенциальный': 1/1/1/1/1 (5)
   11 'бюджетный, оценка, страна, работа, expenditure': 2/1/0/1/0 (4)
   12 'уровень, цена, экономический, товар, экономика': 3/1/0/0/0 (4)
   13 'цикл, see, модель, являться, работа': 0/4/0/0/0 (4)
   14 'бюджетный, государственный, бюджет, расход, рост': 2/0/1/0/0 (3)
   15 'работа, налоговый, налогообложение, данный, теория': 2/1/0/0/0 (3)
   16 'цена, уровень, товар, единый, закон': 1/1/1/0/0 (3)
   17 'see, оценка, subnational, разрыв, authority': 0/1/0/0/0 (1)
   18 'рост, показатель, капитал, экономический, уровень': 1/0/0/0/0 (1)
   19 'уровень, цена, see, выпуск, authority': 1/0/0/0/0 (1)
12 'see, работа, доход, результат, subnational' 32/37/7/2/3 (81)
   1  'уровень, цена, экономический, товар, экономика': 7/0/3/0/1 (11)
   2  'public, government, expenditure, region, goods': 2/4/1/0/0 (7)
   3  'капитал, рост, страна, год, товар': 4/0/1/0/1 (6)
   4  'рост, показатель, капитал, экономический, уровень': 3/0/0/2/1 (6)
   5  'economic, growth, rate, tax, see': 3/1/1/0/0 (5)
   6  'see, оценка, subnational, разрыв, authority': 1/4/0/0/0 (5)
   7  'фильтр, оценка, ввп, рост, потенциальный': 1/4/0/0/0 (5)
   8  'see, tax, federal, expenditure, government': 0/3/1/0/0 (4)
   9  'использовать, потенциальный, ввп, компонент, оценка': 0/0/2/0/2 (4)
   10 'expenditure, see, рост, government, federal': 0/2/0/0/1 (3)
   11 'бюджетный, оценка, страна, работа, expenditure': 0/1/0/0/1 (2)
   12 'ввп, разрыв, структурный, see, объем': 2/0/0/0/0 (2)
   13 'цикл, see, модель, являться, работа': 2/0/0/0/0 (2)
   14 'бюджетный, государственный, бюджет, расход, рост': 0/0/1/0/0 (1)
   15 'работа, налоговый, налогообложение, данный, теория': 1/0/0/0/0 (1)
   16 'цена, уровень, товар, единый, закон': 1/0/0/0/0 (1)
13 'бюджетный, оценка, страна, работа, expenditure' 28/28/14/4/6 (80)
   1  'public, government, expenditure, region, goods': 6/5/2/0/1 (14)
   2  'фильтр, оценка, ввп, рост, потенциальный': 2/5/1/1/1 (10)
   3  'expenditure, see, рост, government, federal': 1/3/4/0/0 (8)
   4  'капитал, рост, страна, год, товар': 5/1/1/0/1 (8)
   5  'рост, показатель, капитал, экономический, уровень': 4/0/0/0/3 (7)
   6  'использовать, потенциальный, ввп, компонент, оценка': 2/0/3/1/0 (6)
   7  'работа, налоговый, налогообложение, данный, теория': 2/2/1/0/0 (5)
   8  'economic, growth, rate, tax, see': 2/1/0/1/0 (4)
   9  'потенциальный, ввп, метод, ряд, цена': 0/2/2/0/0 (4)
   10 'see, оценка, subnational, разрыв, authority': 0/1/1/1/0 (3)
   11 'бюджетный, государственный, бюджет, расход, рост': 1/1/1/0/0 (3)
   12 'цена, уровень, товар, единый, закон': 1/2/0/0/0 (3)
   13 'government, expenditure, рост, fiscal, капитал': 2/0/0/0/0 (2)
   14 'see, tax, federal, expenditure, government': 1/0/0/0/1 (2)
   15 'see, работа, доход, результат, subnational': 0/1/0/0/1 (2)
   16 'уровень, цена, see, выпуск, authority': 2/0/0/0/0 (2)
   17 'уровень, цена, экономический, товар, экономика': 2/0/0/0/0 (2)
   18 'цикл, see, модель, являться, работа': 1/1/0/0/0 (2)
   19 'ввп, разрыв, структурный, see, объем': 1/0/0/0/0 (1)
14 'цикл, see, модель, являться, работа' 26/32/5/8/3 (74)
   1  'фильтр, оценка, ввп, рост, потенциальный': 6/6/2/0/0 (14)
   2  'капитал, рост, страна, год, товар': 1/5/1/2/0 (9)
   3  'government, expenditure, рост, fiscal, капитал': 5/0/1/1/0 (7)
   4  'expenditure, see, рост, government, federal': 1/4/1/0/0 (6)
   5  'public, government, expenditure, region, goods': 2/1/0/3/0 (6)
   6  'see, оценка, subnational, разрыв, authority': 2/3/0/0/0 (5)
   7  'рост, показатель, капитал, экономический, уровень': 0/4/0/0/1 (5)
   8  'economic, growth, rate, tax, see': 0/4/0/0/0 (4)
   9  'уровень, цена, экономический, товар, экономика': 3/1/0/0/0 (4)
   10 'ввп, разрыв, структурный, see, объем': 0/0/3/0/0 (3)
   11 'цена, уровень, товар, единый, закон': 1/1/0/1/0 (3)
   12 'see, работа, доход, результат, subnational': 2/0/0/0/0 (2)
   13 'бюджетный, оценка, страна, работа, expenditure': 1/1/0/0/0 (2)
   14 'уровень, цена, see, выпуск, authority': 0/2/0/0/0 (2)
   15 'see, tax, federal, expenditure, government': 1/0/0/0/0 (1)
   16 'бюджетный, государственный, бюджет, расход, рост': 0/0/0/1/0 (1)
   17 'использовать, потенциальный, ввп, компонент, оценка': 0/1/0/0/0 (1)
   18 'потенциальный, ввп, метод, ряд, цена': 0/1/0/0/0 (1)
   19 'работа, налоговый, налогообложение, данный, теория': 1/0/0/0/0 (1)
15 'потенциальный, ввп, метод, ряд, цена' 31/22/11/6/0 (70)
   1  'цена, уровень, товар, единый, закон': 5/3/0/0/0 (8)
   2  'public, government, expenditure, region, goods': 5/1/1/0/0 (7)
   3  'капитал, рост, страна, год, товар': 1/0/3/2/0 (6)
   4  'economic, growth, rate, tax, see': 0/1/0/4/0 (5)
   5  'see, оценка, subnational, разрыв, authority': 1/4/0/0/0 (5)
   6  'бюджетный, оценка, страна, работа, expenditure': 0/2/2/0/0 (4)
   7  'ввп, разрыв, структурный, see, объем': 2/2/0/0/0 (4)
   8  'работа, налоговый, налогообложение, данный, теория': 1/1/2/0/0 (4)
   9  'рост, показатель, капитал, экономический, уровень': 4/0/0/0/0 (4)
   10 'see, tax, federal, expenditure, government': 1/0/1/0/0 (2)
   11 'уровень, цена, see, выпуск, authority': 1/1/0/0/0 (2)
   12 'уровень, цена, экономический, товар, экономика': 0/0/0/2/0 (2)
   13 'фильтр, оценка, ввп, рост, потенциальный': 0/2/0/0/0 (2)
   14 'expenditure, see, рост, government, federal': 0/0/1/0/0 (1)
   15 'government, expenditure, рост, fiscal, капитал': 1/0/0/0/0 (1)
   16 'бюджетный, государственный, бюджет, расход, рост': 0/0/1/0/0 (1)
   17 'цикл, see, модель, являться, работа': 0/1/0/0/0 (1)
16 'уровень, цена, see, выпуск, authority' 40/12/13/1/4 (70)
   1  'public, government, expenditure, region, goods': 6/3/4/0/0 (13)
   2  'капитал, рост, страна, год, товар': 5/1/3/0/0 (9)
   3  'уровень, цена, экономический, товар, экономика': 6/0/2/0/0 (8)
   4  'expenditure, see, рост, government, federal': 4/0/3/0/0 (7)
   5  'цена, уровень, товар, единый, закон': 2/1/2/0/0 (5)
   6  'бюджетный, государственный, бюджет, расход, рост': 0/1/2/1/0 (4)
   7  'рост, показатель, капитал, экономический, уровень': 4/0/0/0/0 (4)
   8  'фильтр, оценка, ввп, рост, потенциальный': 4/0/0/0/0 (4)
   9  'работа, налоговый, налогообложение, данный, теория': 2/0/0/1/0 (3)
   10 'see, оценка, subnational, разрыв, authority': 1/0/1/0/0 (2)
   11 'бюджетный, оценка, страна, работа, expenditure': 2/0/0/0/0 (2)
   12 'потенциальный, ввп, метод, ряд, цена': 1/1/0/0/0 (2)
   13 'цикл, see, модель, являться, работа': 0/2/0/0/0 (2)
   14 'economic, growth, rate, tax, see': 1/0/0/0/0 (1)
   15 'government, expenditure, рост, fiscal, капитал': 0/0/1/0/0 (1)
17 'работа, налоговый, налогообложение, данный, теория' 30/15/13/6/1 (65)
   1  'капитал, рост, страна, год, товар': 7/1/2/2/0 (12)
   2  'уровень, цена, экономический, товар, экономика': 7/0/1/0/0 (8)
   3  'public, government, expenditure, region, goods': 2/3/1/0/0 (6)
   4  'бюджетный, государственный, бюджет, расход, рост': 1/0/2/3/0 (6)
   5  'бюджетный, оценка, страна, работа, expenditure': 2/2/1/0/0 (5)
   6  'фильтр, оценка, ввп, рост, потенциальный': 2/3/0/0/0 (5)
   7  'потенциальный, ввп, метод, ряд, цена': 1/1/2/0/0 (4)
   8  'economic, growth, rate, tax, see': 2/1/0/0/0 (3)
   9  'government, expenditure, рост, fiscal, капитал': 1/1/1/0/0 (3)
   10 'использовать, потенциальный, ввп, компонент, оценка': 1/1/1/0/0 (3)
   11 'уровень, цена, see, выпуск, authority': 2/0/0/1/0 (3)
   12 'see, оценка, subnational, разрыв, authority': 0/0/2/0/0 (2)
   13 'рост, показатель, капитал, экономический, уровень': 1/1/0/0/0 (2)
   14 'see, tax, federal, expenditure, government': 0/1/0/0/0 (1)
   15 'see, работа, доход, результат, subnational': 1/0/0/0/0 (1)
   16 'цикл, see, модель, являться, работа': 1/0/0/0/0 (1)
18 'see, tax, federal, expenditure, government' 15/21/13/10/2 (61)
   1  'public, government, expenditure, region, goods': 8/4/2/1/0 (15)
   2  'economic, growth, rate, tax, see': 3/2/5/1/0 (11)
   3  'expenditure, see, рост, government, federal': 3/3/2/2/0 (10)
   4  'see, оценка, subnational, разрыв, authority': 1/3/1/0/0 (5)
   5  'government, expenditure, рост, fiscal, капитал': 1/1/1/1/0 (4)
   6  'see, работа, доход, результат, subnational': 0/3/1/0/0 (4)
   7  'фильтр, оценка, ввп, рост, потенциальный': 0/3/1/0/0 (4)
   8  'цена, уровень, товар, единый, закон': 1/3/0/0/0 (4)
   9  'бюджетный, оценка, страна, работа, expenditure': 1/0/0/0/1 (2)
   10 'ввп, разрыв, структурный, see, объем': 0/2/0/0/0 (2)
   11 'использовать, потенциальный, ввп, компонент, оценка': 2/0/0/0/0 (2)
   12 'потенциальный, ввп, метод, ряд, цена': 1/0/1/0/0 (2)
   13 'рост, показатель, капитал, экономический, уровень': 0/0/2/0/0 (2)
   14 'бюджетный, государственный, бюджет, расход, рост': 0/0/0/0/1 (1)
   15 'работа, налоговый, налогообложение, данный, теория': 0/1/0/0/0 (1)
   16 'уровень, цена, экономический, товар, экономика': 1/0/0/0/0 (1)
   17 'цикл, see, модель, являться, работа': 1/0/0/0/0 (1)
19 'ввп, разрыв, структурный, see, объем' 23/9/11/5/8 (56)
   1  'economic, growth, rate, tax, see': 5/2/0/1/0 (8)
   2  'public, government, expenditure, region, goods': 5/2/0/0/0 (7)
   3  'капитал, рост, страна, год, товар': 4/0/1/0/1 (6)
   4  'фильтр, оценка, ввп, рост, потенциальный': 0/0/4/2/0 (6)
   5  'уровень, цена, экономический, товар, экономика': 0/2/0/0/3 (5)
   6  'потенциальный, ввп, метод, ряд, цена': 2/2/0/0/0 (4)
   7  'government, expenditure, рост, fiscal, капитал': 1/0/0/2/0 (3)
   8  'использовать, потенциальный, ввп, компонент, оценка': 2/0/0/1/0 (3)
   9  'рост, показатель, капитал, экономический, уровень': 1/0/0/2/0 (3)
   10 'цена, уровень, товар, единый, закон': 1/2/0/0/0 (3)
   11 'цикл, see, модель, являться, работа': 0/0/3/0/0 (3)
   12 'see, tax, federal, expenditure, government': 0/2/0/0/0 (2)
   13 'see, оценка, subnational, разрыв, authority': 0/0/2/0/0 (2)
   14 'see, работа, доход, результат, subnational': 2/0/0/0/0 (2)
   15 'бюджетный, оценка, страна, работа, expenditure': 1/0/0/0/0 (1)
20 'бюджетный, государственный, бюджет, расход, рост' 15/9/13/15/1 (53)
   1  'капитал, рост, страна, год, товар': 2/0/4/5/0 (11)
   2  'уровень, цена, экономический, товар, экономика': 3/2/1/1/0 (7)
   3  'работа, налоговый, налогообложение, данный, теория': 1/0/2/3/0 (6)
   4  'expenditure, see, рост, government, federal': 3/0/2/0/0 (5)
   5  'использовать, потенциальный, ввп, компонент, оценка': 0/2/3/0/0 (5)
   6  'government, expenditure, рост, fiscal, капитал': 1/1/1/1/0 (4)
   7  'public, government, expenditure, region, goods': 2/0/2/0/0 (4)
   8  'уровень, цена, see, выпуск, authority': 0/1/2/1/0 (4)
   9  'economic, growth, rate, tax, see': 2/0/1/0/0 (3)
   10 'бюджетный, оценка, страна, работа, expenditure': 1/1/1/0/0 (3)
   11 'рост, показатель, капитал, экономический, уровень': 0/1/1/0/0 (2)
   12 'фильтр, оценка, ввп, рост, потенциальный': 1/0/1/0/0 (2)
   13 'see, tax, federal, expenditure, government': 0/0/0/0/1 (1)
   14 'see, работа, доход, результат, subnational': 0/0/1/0/0 (1)
   15 'потенциальный, ввп, метод, ряд, цена': 0/0/1/0/0 (1)
   16 'цена, уровень, товар, единый, закон': 0/1/0/0/0 (1)
   17 'цикл, see, модель, являться, работа': 0/0/0/1/0 (1)

Объединенная таблица где для каждого из 5 фрагментов
Фрагмент: 1
  контекстов: 418
  со-цитируемых авторов: (111) 'Acemoglu', 'Alfaro', 'Arrow', 'Arteta', 'Ball', 'Bank', 'Baum', 'Bernstein', 'Blankenau', 'Bleaney', 'Calvo', 'Cecchetti', 'Chanda', 'Checherita-Westphal', 'Chinn', 'Clements', 'Coady', 'Commission', 'Dasgupta', 'Dornbusch', 'Durlauf', 'Edwards', 'Eichengreen', 'European', 'Fitoussi', 'Friedman', 'Gertler', 'Goulder', 'Greenaway', 'Gupta', 'Hicks', 'IMF', 'Ito', 'Johnson', 'Kalemli-Ozcan', 'Kazakova', 'Keynes', 'Klein', 'Kraay', 'Kumar', 'Levine', 'Maisonneuve', 'Mankiw', 'Markusen', 'Martins', 'Mauro', 'Mohanty', 'Mokyr', 'Mumford', 'Mundell', 'OECD', 'Obstfeld', 'Oleson', 'Olivei', 'Phelps', 'Reinhart', 'Robinson', 'Rodrik', 'Rogoff', 'Rother', 'Samuelson', 'Sen', 'Simpson', 'Sinelnikov-Murylev', 'Stiglitz', 'Taylor', 'Temple', 'Tornell', 'Velasco', 'Volosovych', 'Woo', 'World', 'Wyplosz', 'Zampolli', 'Zervos', 'Головнин', 'Ершов', 'Идрисов', 'Некипелов', 'Синельников-Мурылев'
  фразы: (547) 'уровень ввп', 'точка зрение', 'бюджетный разрыв', 'government expenditure', 'временный ряд', 'разрыв выпуск', 'экономический рост', 'общий уровень', 'закон единый', 'товар услуга', 'federal government', 'получить результат', 'темп экономический', 'budget constraint', 'soft budget', 'труд капитал', 'уровень безработица', 'see see', 'условие торговля', 'provision public', 'город сша', 'financial aid', 'единичный корень', 'момент время', 'относительный цена', 'public goods', 'central government', 'экономический развитие', 'потенциальный ввп', 'развиваться экономика', 'человеческий капитал', 'темп рост', 'период год', 'detail see', 'цена нефть', 'метод оценка', 'уровень цена', 'subnational authority', 'единый цена', 'оценка потенциальный', 'государственный финансы', 'производственный функция', 'economic growth', 'российский экономика'
  топики: 708 'see, работа, доход, результат, subnational', 'потенциальный, ввп, метод, ряд, цена', 'рост, показатель, капитал, экономический, уровень', 'капитал, рост, страна, год, товар', 'цена, уровень, товар, единый, закон', 'уровень, цена, see, выпуск, authority', 'бюджетный, оценка, страна, работа, expenditure', 'работа, налоговый, налогообложение, данный, теория', 'see, tax, federal, expenditure, government', 'использовать, потенциальный, ввп, компонент, оценка', 'бюджетный, государственный, бюджет, расход, рост', 'фильтр, оценка, ввп, рост, потенциальный', 'government, expenditure, рост, fiscal, капитал', 'уровень, цена, экономический, товар, экономика', 'ввп, разрыв, структурный, see, объем', 'economic, growth, rate, tax, see', 'see, оценка, subnational, разрыв, authority', 'public, government, expenditure, region, goods', 'цикл, see, модель, являться, работа', 'expenditure, see, рост, government, federal'
Фрагмент: 2
  контекстов: 320
  со-цитируемых авторов: (172) 'Abdelal', 'Ahrend', 'Aiyar', 'Aizenman', 'Alesina', 'Ames', 'Arnold', 'Auerbach', 'Auty', 'Bank', 'Bartolini', 'Bird', 'Blanchard', 'Bleaney', 'Boadway', 'Bordo', 'Brixi', 'Burns', 'Burnside', 'Calvo', 'Celasun', 'Chalk', 'Chamon', 'Chang', 'Chen', 'Crespo', 'Debrun', 'Dornbusch', 'Drazen', 'Duval', 'Eichengreen', 'Entov', 'Evans', 'Fischer', 'Fitts', 'Fjeldstad', 'Fleming', 'Fontoura', 'Gale', 'Ghosh', 'Giammarioli', 'Gokhale', 'Goujard', 'Green', 'Greenaway', 'Griffith', 'Grilli', 'Gylfason', 'Habermeier', 'Hausmann', 'Helpman', 'Hemming', 'Horne', 'IMF', 'Inman', 'Jinjarak', 'King', 'Kolstad', 'Kotlikoff', 'Kydland', 'Ladd', 'Ma', 'McCarten', 'Mehlum', 'Mello', 'Mendoza', 'Mezheraups', 'Milesi-Ferrett', 'Milesi-Ferretti', 'Moene', 'Monacelli', 'Mundell', 'Musgrave', 'Neely', 'Nickel', 'Oates', 'Obstfeld', 'Oliviera', 'Orszag', 'Ostry', 'Panizza', 'Perotti', 'Ph', 'Phillips', 'Plosser', 'Prescott', 'Puy', 'Qureshi', 'Radelet', 'Radygin', 'Raffelhuschen', 'Razin', 'Rebelo', 'Reinhardt', 'Rodden', 'Rose', 'Rother', 'Sachs', 'Sadka', 'Samake', 'Sandmo', 'Schick', 'Schwellnus', 'Shvetsov', 'Slack', 'Smetters', 'Stewart', 'Stiglitz', 'Sussman', 'Tanner', 'Tiebout', 'Torvik', 'Treisman', 'Velasco', 'Vidal', 'Warner', 'Wildasin', 'Wolak', 'World', 'Wu', 'Yitzhaki', 'Zhang'
  фразы: (568) 'economic growth', 'производственный функция', 'временный ряд', 'оценка потенциальный', 'разрыв выпуск', 'многомерный фильтр', 'государственный финансы', 'soft budget', 'труд капитал', 'уровень цена', 'единый цена', 'subnational authority', 'цена нефть', 'detail see', 'метод оценка', 'потенциальный ввп', 'экономический развитие', 'период год', 'темп рост', 'человеческий капитал', 'развиваться экономика', 'financial aid', 'единичный корень', 'момент время', 'относительный цена', 'public goods', 'subnational government', 'условие торговля', 'see see', 'provision public', 'структурный var', 'фильтр ходрикапрескотта', 'получить результат', 'фильтр калман', 'закон единый', 'товар услуга', 'federal government', 'budget constraint', 'темп экономический', 'central government', 'общий уровень', 'точка зрение', 'уровень ввп', 'бюджетный разрыв', 'экономический рост', 'оценка разрыв'
  топики: 523 'капитал, рост, страна, год, товар', 'цикл, see, модель, являться, работа', 'expenditure, see, рост, government, federal', 'уровень, цена, see, выпуск, authority', 'работа, налоговый, налогообложение, данный, теория', 'бюджетный, государственный, бюджет, расход, рост', 'economic, growth, rate, tax, see', 'public, government, expenditure, region, goods', 'see, оценка, subnational, разрыв, authority', 'уровень, цена, экономический, товар, экономика', 'ввп, разрыв, структурный, see, объем', 'government, expenditure, рост, fiscal, капитал', 'фильтр, оценка, ввп, рост, потенциальный', 'использовать, потенциальный, ввп, компонент, оценка', 'цена, уровень, товар, единый, закон', 'бюджетный, оценка, страна, работа, expenditure', 'see, tax, federal, expenditure, government', 'see, работа, доход, результат, subnational', 'потенциальный, ввп, метод, ряд, цена', 'рост, показатель, капитал, экономический, уровень'
Фрагмент: 3
  контекстов: 190
  со-цитируемых авторов: (105) 'Alesina', 'Ardagna', 'Arkhipov', 'Aschauer', 'Auerbach', 'Bank', 'Barro', 'Batkibekov', 'Calvo', 'Cardoso', 'Chamon', 'Crespo', 'Dafflon', 'Drobyshevsky', 'Edison', 'Feldstein', 'Flood', 'Fontoura', 'Futagami', 'Gale', 'Garber', 'Garcia', 'Goldfajn', 'Guonan', 'Helpman', 'Hoeller', 'Hutchison', 'IMF', 'Islam', 'Izquierdo', 'Jadhav', 'Kadochnikov', 'Kendall', 'Krugman', 'Kubler', 'Lichtenberg', 'Malinina', 'Mankiw', 'McCauley', 'Mejia', 'Merola', 'Morita', 'Orszag', 'Pasricha', 'Perotti', 'Potterie', 'Reinhart', 'Romer', 'Schiantarelli', 'Shibata', 'Sinelnikov-Murylev', 'Singh', 'Solow', 'Sutherland', 'Tanzi', 'Trunin', 'Valpassos', 'Weil', 'World', 'Young', 'Zee', 'Астафьева', 'Бессонов', 'Воскобойников', 'Луговой', 'Некипелов', 'Турунцева', 'Энтов'
  фразы: (251) 'оценка потенциальный', 'оценка разрыв', 'производственный функция', 'economic growth', 'многомерный фильтр', 'government expenditure', 'получить результат', 'российский экономика', 'уровень цена', 'central government', 'труд капитал', 'subnational authority', 'единый цена', 'detail see', 'цена нефть', 'метод оценка', 'потенциальный ввп', 'развиваться экономика', 'человеческий капитал', 'темп рост', 'период год', 'единичный корень', 'момент время', 'public goods', 'see see', 'условие торговля', 'товар услуга', 'фильтр калман', 'federal government', 'фильтр ходрикапрескотта', 'темп экономический', 'budget constraint', 'закон единый', 'provision public', 'уровень ввп', 'точка зрение', 'бюджетный разрыв', 'структурный var', 'временный ряд', 'разрыв выпуск', 'экономический рост'
  топики: 327 'цена, уровень, товар, единый, закон', 'бюджетный, государственный, бюджет, расход, рост', 'бюджетный, оценка, страна, работа, expenditure', 'see, tax, federal, expenditure, government', 'see, работа, доход, результат, subnational', 'капитал, рост, страна, год, товар', 'рост, показатель, капитал, экономический, уровень', 'потенциальный, ввп, метод, ряд, цена', 'уровень, цена, see, выпуск, authority', 'фильтр, оценка, ввп, рост, потенциальный', 'government, expenditure, рост, fiscal, капитал', 'использовать, потенциальный, ввп, компонент, оценка', 'public, government, expenditure, region, goods', 'see, оценка, subnational, разрыв, authority', 'economic, growth, rate, tax, see', 'уровень, цена, экономический, товар, экономика', 'ввп, разрыв, структурный, see, объем', 'цикл, see, модель, являться, работа', 'работа, налоговый, налогообложение, данный, теория', 'expenditure, see, рост, government, federal'
Фрагмент: 4
  контекстов: 100
  со-цитируемых авторов: (64) 'Blanchard', 'Drobyshevsky', 'Hicks', 'IEA', 'Keynes', 'King', 'Klein', 'Knetter', 'Knobel', 'Kydland', 'Lucas', 'Mehlum', 'Moene', 'Monacelli', 'OPEC', 'Perotti', 'Plosser', 'Prescott', 'Rebelo', 'Robinson', 'Ross', 'Samuelson', 'Sargent', 'Sinelnikov-Murylev', 'Sokolov', 'Torvik', 'Verdier', 'Волчкова', 'Гуриев', 'Егоров', 'Идрисов', 'Казакова', 'Каукин', 'Кнобель', 'Полбин', 'Полтерович', 'Пономарев', 'Попов', 'Сонин', 'Суслова', 'Тонис', 'Трунин'
  фразы: (138) 'government expenditure', 'бюджетный разрыв', 'уровень ввп', 'точка зрение', 'экономический рост', 'разрыв выпуск', 'оценка разрыв', 'фильтр ходрикапрескотта', 'труд капитал', 'фильтр калман', 'закон единый', 'товар услуга', 'темп экономический', 'структурный var', 'central government', 'момент время', 'потенциальный ввп', 'экономический развитие', 'период год', 'темп рост', 'человеческий капитал', 'развиваться экономика', 'цена нефть', 'detail see', 'метод оценка', 'уровень цена', 'единый цена', 'economic growth', 'производственный функция', 'российский экономика', 'оценка потенциальный', 'государственный финансы'
  топики: 177 'see, работа, доход, результат, subnational', 'expenditure, see, рост, government, federal', 'цикл, see, модель, являться, работа', 'потенциальный, ввп, метод, ряд, цена', 'уровень, цена, see, выпуск, authority', 'работа, налоговый, налогообложение, данный, теория', 'public, government, expenditure, region, goods', 'economic, growth, rate, tax, see', 'see, оценка, subnational, разрыв, authority', 'уровень, цена, экономический, товар, экономика', 'ввп, разрыв, структурный, see, объем', 'фильтр, оценка, ввп, рост, потенциальный', 'government, expenditure, рост, fiscal, капитал', 'использовать, потенциальный, ввп, компонент, оценка', 'бюджетный, государственный, бюджет, расход, рост', 'бюджетный, оценка, страна, работа, expenditure', 'see, tax, federal, expenditure, government', 'цена, уровень, товар, единый, закон', 'капитал, рост, страна, год, товар', 'рост, показатель, капитал, экономический, уровень'
Фрагмент: 5
  контекстов: 60
  со-цитируемых авторов: нет
  фразы: (128) 'период год', 'темп рост', 'оценка разрыв', 'временный ряд', 'потенциальный ввп', 'экономический рост', 'точка зрение', 'разрыв выпуск', 'человеческий капитал', 'уровень ввп', 'бюджетный разрыв', 'темп экономический', 'получить результат', 'цена нефть', 'государственный финансы', 'труд капитал', 'условие торговля', 'уровень цена', 'public goods', 'российский экономика', 'момент время'
  топики: 97 'цена, уровень, товар, единый, закон', 'бюджетный, государственный, бюджет, расход, рост', 'бюджетный, оценка, страна, работа, expenditure', 'see, tax, federal, expenditure, government', 'уровень, цена, see, выпуск, authority', 'see, работа, доход, результат, subnational', 'рост, показатель, капитал, экономический, уровень', 'капитал, рост, страна, год, товар', 'фильтр, оценка, ввп, рост, потенциальный', 'использовать, потенциальный, ввп, компонент, оценка', 'public, government, expenditure, region, goods', 'economic, growth, rate, tax, see', 'уровень, цена, экономический, товар, экономика', 'ввп, разрыв, структурный, see, объем', 'цикл, see, модель, являться, работа', 'работа, налоговый, налогообложение, данный, теория', 'expenditure, see, рост, government, federal'
